#
# A fatal error has been detected by the Java Runtime Environment:
#
#  EXCEPTION_ACCESS_VIOLATION (0xc0000005) at pc=0x0000000050462cbd, pid=7472, tid=0x00000000000004e8
#
# JRE version: Java(TM) SE Runtime Environment (8.0_111-b14) (build 1.8.0_111-b14)
# Java VM: Java HotSpot(TM) 64-Bit Server VM (25.111-b14 mixed mode windows-amd64 compressed oops)
# Problematic frame:
# C  [QtGui4.dll+0x62cbd]
#
# Failed to write core dump. Minidumps are not enabled by default on client versions of Windows
#
# If you would like to submit a bug report, please visit:
#   http://bugreport.java.com/bugreport/crash.jsp
# The crash happened outside the Java Virtual Machine in native code.
# See problematic frame for where to report the bug.
#

---------------  T H R E A D  ---------------

Current thread (0x0000000002d2a000):  JavaThread "Finalizer" daemon [_thread_in_native, id=1256, stack(0x0000000015ef0000,0x0000000015ff0000)]

siginfo: ExceptionCode=0xc0000005, reading address 0x0000000000000008

Registers:
RAX=0x0000000000000000, RBX=0x00000000fffffffd, RCX=0x0000000018eaf120, RDX=0x0000000000000001
RSP=0x0000000015fee970, RBP=0x0000000000000002, RSI=0x0000000017b0e140, RDI=0x0000000017b0e140
R8 =0x0000000000000152, R9 =0x0000000000000040, R10=0x0000000000000140, R11=0x0000000015fee870
R12=0x0000000017b0df60, R13=0x0000000016f76a10, R14=0x0000000000000000, R15=0x0000000000000000
RIP=0x0000000050462cbd, EFLAGS=0x0000000000010206

Top of Stack: (sp=0x0000000015fee970)
0x0000000015fee970:   0000000018eaf120 00000000fffffffd
0x0000000015fee980:   0000000000000002 00007ff9259269d8
0x0000000015fee990:   0000000000000000 0000000000000002
0x0000000015fee9a0:   fffffffffffffffe 0000000017b0df60
0x0000000015fee9b0:   0000000000000000 000000005077b1ce
0x0000000015fee9c0:   0000000018c883e0 0000000000000001
0x0000000015fee9d0:   0000000018eaf120 0000000000000000
0x0000000015fee9e0:   0000000000000001 000000005077aa44
0x0000000015fee9f0:   0000000017b0e140 0000000000000002
0x0000000015feea00:   0000000017b0dfb0 0000000000000001
0x0000000015feea10:   fffffffffffffffe 0000000000000001
0x0000000015feea20:   0000000017b0e140 00007ff912be29a5
0x0000000015feea30:   0000000017b0e140 0000000000000000
0x0000000015feea40:   0000000018c881a0 000000005102e0a8
0x0000000015feea50:   fffffffffffffffe 0000000018cab938
0x0000000015feea60:   0000000016f76a10 0000000050e8ab73 

Instructions: (pc=0x0000000050462cbd)
0x0000000050462c9d:   44 24 20 00 00 00 00 45 33 c9 45 33 c0 33 d2 48
0x0000000050462cad:   8d 4c 24 60 e8 ba ba fd ff 90 ff 15 bb 9b 58 00
0x0000000050462cbd:   48 8b 48 08 48 81 c1 28 01 00 00 4c 8d 4c 24 60
0x0000000050462ccd:   4c 8b c7 8b d3 e8 f9 8c fe ff 90 48 8d 4c 24 60 


Register to memory mapping:

RAX=0x0000000000000000 is an unknown value
RBX=0x00000000fffffffd is an unallocated location in the heap
RCX=0x0000000018eaf120 is an unknown value
RDX=0x0000000000000001 is an unknown value
RSP=0x0000000015fee970 is pointing into the stack for thread: 0x0000000002d2a000
RBP=0x0000000000000002 is an unknown value
RSI=0x0000000017b0e140 is an unknown value
RDI=0x0000000017b0e140 is an unknown value
R8 =0x0000000000000152 is an unknown value
R9 =0x0000000000000040 is an unknown value
R10=0x0000000000000140 is an unknown value
R11=0x0000000015fee870 is pointing into the stack for thread: 0x0000000002d2a000
R12=0x0000000017b0df60 is an unknown value
R13=0x0000000016f76a10 is an unknown value
R14=0x0000000000000000 is an unknown value
R15=0x0000000000000000 is an unknown value


Stack: [0x0000000015ef0000,0x0000000015ff0000],  sp=0x0000000015fee970,  free space=1018k
Native frames: (J=compiled Java code, j=interpreted, Vv=VM code, C=native code)
C  [QtGui4.dll+0x62cbd]
C  [QtGui4.dll+0x37b1ce]
C  [QtGui4.dll+0x37aa44]
C  [com_trolltech_qt_gui.dll+0x1b29a5]
C  [QtCore4.dll+0x11ab73]
C  [QtGui4.dll+0x580f8]
C  [com_trolltech_qt_gui.dll+0x34c494]
C  [QtCore4.dll+0x11ab73]
C  [QtGui4.dll+0x580f8]
C  [com_trolltech_qt_gui.dll+0xc3ea4]
C  [qtjambi.dll+0x1644a]
C  [qtjambi.dll+0x15d0e]
C  [qtjambi.dll+0x17011]
C  0x0000000002d47934

Java frames: (J=compiled Java code, j=interpreted, Vv=VM code)
j  com.trolltech.qt.internal.QtJambiObject.finalize()V+0
J 437 C1 java.lang.ref.Finalizer.runFinalizer(Lsun/misc/JavaLangAccess;)V (62 bytes) @ 0x0000000002f376cc [0x0000000002f37140+0x58c]
J 436 C1 java.lang.ref.Finalizer.access$100(Ljava/lang/ref/Finalizer;Lsun/misc/JavaLangAccess;)V (6 bytes) @ 0x0000000002f36ddc [0x0000000002f36d80+0x5c]
j  java.lang.ref.Finalizer$FinalizerThread.run()V+45
v  ~StubRoutines::call_stub

---------------  P R O C E S S  ---------------

Java Threads: ( => current thread )
  0x0000000014ca7000 JavaThread "Thread-2" daemon [_thread_in_native, id=8292, stack(0x0000000017b30000,0x0000000017c30000)]
  0x0000000002c31000 JavaThread "DestroyJavaVM" [_thread_blocked, id=2328, stack(0x0000000002ac0000,0x0000000002bc0000)]
  0x0000000016614000 JavaThread "Service Thread" daemon [_thread_blocked, id=4008, stack(0x0000000016a10000,0x0000000016b10000)]
  0x0000000014cdd800 JavaThread "C1 CompilerThread2" daemon [_thread_blocked, id=8480, stack(0x0000000016510000,0x0000000016610000)]
  0x0000000014c81800 JavaThread "C2 CompilerThread1" daemon [_thread_blocked, id=2404, stack(0x0000000016410000,0x0000000016510000)]
  0x0000000014c7d000 JavaThread "C2 CompilerThread0" daemon [_thread_blocked, id=9152, stack(0x0000000016310000,0x0000000016410000)]
  0x0000000014c7b800 JavaThread "Attach Listener" daemon [_thread_blocked, id=3344, stack(0x0000000016210000,0x0000000016310000)]
  0x0000000014c7a000 JavaThread "Signal Dispatcher" daemon [_thread_blocked, id=9808, stack(0x0000000016110000,0x0000000016210000)]
=>0x0000000002d2a000 JavaThread "Finalizer" daemon [_thread_in_native, id=1256, stack(0x0000000015ef0000,0x0000000015ff0000)]
  0x0000000002d1f000 JavaThread "Reference Handler" daemon [_thread_blocked, id=9168, stack(0x0000000015df0000,0x0000000015ef0000)]

Other Threads:
  0x0000000014c47800 VMThread [stack: 0x0000000015cf0000,0x0000000015df0000] [id=8900]
  0x0000000016617800 WatcherThread [stack: 0x0000000016c80000,0x0000000016d80000] [id=8500]

VM state:not at safepoint (normal execution)

VM Mutex/Monitor currently owned by a thread: None

Heap:
 PSYoungGen      total 15360K, used 0K [0x00000000eef80000, 0x00000000f0080000, 0x0000000100000000)
  eden space 13312K, 0% used [0x00000000eef80000,0x00000000eef801d0,0x00000000efc80000)
  from space 2048K, 0% used [0x00000000efe80000,0x00000000efe80000,0x00000000f0080000)
  to   space 2048K, 0% used [0x00000000efc80000,0x00000000efc80000,0x00000000efe80000)
 ParOldGen       total 35840K, used 1827K [0x00000000cce00000, 0x00000000cf100000, 0x00000000eef80000)
  object space 35840K, 5% used [0x00000000cce00000,0x00000000ccfc8ff8,0x00000000cf100000)
 Metaspace       used 9482K, capacity 9584K, committed 9856K, reserved 1058816K
  class space    used 1007K, capacity 1043K, committed 1152K, reserved 1048576K

Card table byte_map: [0x00000000120f0000,0x0000000012290000] byte_map_base: 0x0000000011a89000

Marking Bits: (ParMarkBitMap*) 0x0000000053aaa6c0
 Begin Bits: [0x00000000127b0000, 0x0000000013478000)
 End Bits:   [0x0000000013478000, 0x0000000014140000)

Polling page: 0x0000000001220000

CodeCache: size=245760Kb used=2446Kb max_used=2446Kb free=243314Kb
 bounds [0x0000000002d30000, 0x0000000002fa0000, 0x0000000011d30000]
 total_blobs=903 nmethods=571 adapters=246
 compilation: enabled

Compilation events (10 events):
Event: 3.372 Thread 0x0000000014c81800 nmethod 566 0x0000000002f91550 code [0x0000000002f916c0, 0x0000000002f91a38]
Event: 3.372 Thread 0x0000000014c81800  567       4       java.util.ArrayList$Itr::hasNext (20 bytes)
Event: 3.373 Thread 0x0000000014c81800 nmethod 567 0x0000000002f8e650 code [0x0000000002f8e780, 0x0000000002f8e818]
Event: 3.420 Thread 0x0000000014c7d000 nmethod 561% 0x0000000002f94850 code [0x0000000002f94ae0, 0x0000000002f95e70]
Event: 4.601 Thread 0x0000000014cdd800  569       3       com.trolltech.qt.QtJambiGuiInternal::endPaint (57 bytes)
Event: 4.602 Thread 0x0000000014cdd800 nmethod 569 0x0000000002f93b10 code [0x0000000002f93d00, 0x0000000002f94648]
Event: 10.242 Thread 0x0000000014cdd800  570       3       java.lang.reflect.Field::getFieldAccessor (35 bytes)
Event: 10.242 Thread 0x0000000014cdd800 nmethod 570 0x0000000002f924d0 code [0x0000000002f92640, 0x0000000002f92888]
Event: 10.242 Thread 0x0000000014cdd800  571       3       sun.reflect.UnsafeFieldAccessorImpl::ensureObj (23 bytes)
Event: 10.243 Thread 0x0000000014cdd800 nmethod 571 0x0000000002f90710 code [0x0000000002f908e0, 0x0000000002f91238]

GC Heap History (10 events):
Event: 1.499 GC heap before
{Heap before GC invocations=1 (full 0):
 PSYoungGen      total 15360K, used 13312K [0x00000000eef80000, 0x00000000f0080000, 0x0000000100000000)
  eden space 13312K, 100% used [0x00000000eef80000,0x00000000efc80000,0x00000000efc80000)
  from space 2048K, 0% used [0x00000000efe80000,0x00000000efe80000,0x00000000f0080000)
  to   space 2048K, 0% used [0x00000000efc80000,0x00000000efc80000,0x00000000efe80000)
 ParOldGen       total 35840K, used 0K [0x00000000cce00000, 0x00000000cf100000, 0x00000000eef80000)
  object space 35840K, 0% used [0x00000000cce00000,0x00000000cce00000,0x00000000cf100000)
 Metaspace       used 8011K, capacity 8144K, committed 8320K, reserved 1056768K
  class space    used 852K, capacity 883K, committed 896K, reserved 1048576K
Event: 1.507 GC heap after
Heap after GC invocations=1 (full 0):
 PSYoungGen      total 15360K, used 2025K [0x00000000eef80000, 0x00000000f0080000, 0x0000000100000000)
  eden space 13312K, 0% used [0x00000000eef80000,0x00000000eef80000,0x00000000efc80000)
  from space 2048K, 98% used [0x00000000efc80000,0x00000000efe7a570,0x00000000efe80000)
  to   space 2048K, 0% used [0x00000000efe80000,0x00000000efe80000,0x00000000f0080000)
 ParOldGen       total 35840K, used 1059K [0x00000000cce00000, 0x00000000cf100000, 0x00000000eef80000)
  object space 35840K, 2% used [0x00000000cce00000,0x00000000ccf08c40,0x00000000cf100000)
 Metaspace       used 8011K, capacity 8144K, committed 8320K, reserved 1056768K
  class space    used 852K, capacity 883K, committed 896K, reserved 1048576K
}
Event: 10.117 GC heap before
{Heap before GC invocations=2 (full 0):
 PSYoungGen      total 15360K, used 15337K [0x00000000eef80000, 0x00000000f0080000, 0x0000000100000000)
  eden space 13312K, 100% used [0x00000000eef80000,0x00000000efc80000,0x00000000efc80000)
  from space 2048K, 98% used [0x00000000efc80000,0x00000000efe7a570,0x00000000efe80000)
  to   space 2048K, 0% used [0x00000000efe80000,0x00000000efe80000,0x00000000f0080000)
 ParOldGen       total 35840K, used 1059K [0x00000000cce00000, 0x00000000cf100000, 0x00000000eef80000)
  object space 35840K, 2% used [0x00000000cce00000,0x00000000ccf08c40,0x00000000cf100000)
 Metaspace       used 9339K, capacity 9456K, committed 9600K, reserved 1058816K
  class space    used 996K, capacity 1043K, committed 1152K, reserved 1048576K
Event: 10.159 GC heap after
Heap after GC invocations=2 (full 0):
 PSYoungGen      total 15360K, used 2023K [0x00000000eef80000, 0x00000000f0080000, 0x0000000100000000)
  eden space 13312K, 0% used [0x00000000eef80000,0x00000000eef80000,0x00000000efc80000)
  from space 2048K, 98% used [0x00000000efe80000,0x00000000f0079fc8,0x00000000f0080000)
  to   space 2048K, 0% used [0x00000000efc80000,0x00000000efc80000,0x00000000efe80000)
 ParOldGen       total 35840K, used 1681K [0x00000000cce00000, 0x00000000cf100000, 0x00000000eef80000)
  object space 35840K, 4% used [0x00000000cce00000,0x00000000ccfa4658,0x00000000cf100000)
 Metaspace       used 9339K, capacity 9456K, committed 9600K, reserved 1058816K
  class space    used 996K, capacity 1043K, committed 1152K, reserved 1048576K
}
Event: 10.159 GC heap before
{Heap before GC invocations=3 (full 1):
 PSYoungGen      total 15360K, used 2023K [0x00000000eef80000, 0x00000000f0080000, 0x0000000100000000)
  eden space 13312K, 0% used [0x00000000eef80000,0x00000000eef80000,0x00000000efc80000)
  from space 2048K, 98% used [0x00000000efe80000,0x00000000f0079fc8,0x00000000f0080000)
  to   space 2048K, 0% used [0x00000000efc80000,0x00000000efc80000,0x00000000efe80000)
 ParOldGen       total 35840K, used 1681K [0x00000000cce00000, 0x00000000cf100000, 0x00000000eef80000)
  object space 35840K, 4% used [0x00000000cce00000,0x00000000ccfa4658,0x00000000cf100000)
 Metaspace       used 9339K, capacity 9456K, committed 9600K, reserved 1058816K
  class space    used 996K, capacity 1043K, committed 1152K, reserved 1048576K
Event: 10.194 GC heap after
Heap after GC invocations=3 (full 1):
 PSYoungGen      total 15360K, used 0K [0x00000000eef80000, 0x00000000f0080000, 0x0000000100000000)
  eden space 13312K, 0% used [0x00000000eef80000,0x00000000eef80000,0x00000000efc80000)
  from space 2048K, 0% used [0x00000000efe80000,0x00000000efe80000,0x00000000f0080000)
  to   space 2048K, 0% used [0x00000000efc80000,0x00000000efc80000,0x00000000efe80000)
 ParOldGen       total 35840K, used 2610K [0x00000000cce00000, 0x00000000cf100000, 0x00000000eef80000)
  object space 35840K, 7% used [0x00000000cce00000,0x00000000cd08cb20,0x00000000cf100000)
 Metaspace       used 9339K, capacity 9456K, committed 9600K, reserved 1058816K
  class space    used 996K, capacity 1043K, committed 1152K, reserved 1048576K
}
Event: 10.246 GC heap before
{Heap before GC invocations=4 (full 1):
 PSYoungGen      total 15360K, used 563K [0x00000000eef80000, 0x00000000f0080000, 0x0000000100000000)
  eden space 13312K, 4% used [0x00000000eef80000,0x00000000ef00ccd0,0x00000000efc80000)
  from space 2048K, 0% used [0x00000000efe80000,0x00000000efe80000,0x00000000f0080000)
  to   space 2048K, 0% used [0x00000000efc80000,0x00000000efc80000,0x00000000efe80000)
 ParOldGen       total 35840K, used 2610K [0x00000000cce00000, 0x00000000cf100000, 0x00000000eef80000)
  object space 35840K, 7% used [0x00000000cce00000,0x00000000cd08cb20,0x00000000cf100000)
 Metaspace       used 9480K, capacity 9584K, committed 9856K, reserved 1058816K
  class space    used 1007K, capacity 1043K, committed 1152K, reserved 1048576K
Event: 10.248 GC heap after
Heap after GC invocations=4 (full 1):
 PSYoungGen      total 15360K, used 182K [0x00000000eef80000, 0x00000000f0080000, 0x0000000100000000)
  eden space 13312K, 0% used [0x00000000eef80000,0x00000000eef80000,0x00000000efc80000)
  from space 2048K, 8% used [0x00000000efc80000,0x00000000efcad810,0x00000000efe80000)
  to   space 2048K, 0% used [0x00000000efe80000,0x00000000efe80000,0x00000000f0080000)
 ParOldGen       total 35840K, used 2610K [0x00000000cce00000, 0x00000000cf100000, 0x00000000eef80000)
  object space 35840K, 7% used [0x00000000cce00000,0x00000000cd08cb20,0x00000000cf100000)
 Metaspace       used 9480K, capacity 9584K, committed 9856K, reserved 1058816K
  class space    used 1007K, capacity 1043K, committed 1152K, reserved 1048576K
}
Event: 10.248 GC heap before
{Heap before GC invocations=5 (full 2):
 PSYoungGen      total 15360K, used 182K [0x00000000eef80000, 0x00000000f0080000, 0x0000000100000000)
  eden space 13312K, 0% used [0x00000000eef80000,0x00000000eef80000,0x00000000efc80000)
  from space 2048K, 8% used [0x00000000efc80000,0x00000000efcad810,0x00000000efe80000)
  to   space 2048K, 0% used [0x00000000efe80000,0x00000000efe80000,0x00000000f0080000)
 ParOldGen       total 35840K, used 2610K [0x00000000cce00000, 0x00000000cf100000, 0x00000000eef80000)
  object space 35840K, 7% used [0x00000000cce00000,0x00000000cd08cb20,0x00000000cf100000)
 Metaspace       used 9480K, capacity 9584K, committed 9856K, reserved 1058816K
  class space    used 1007K, capacity 1043K, committed 1152K, reserved 1048576K
Event: 10.291 GC heap after
Heap after GC invocations=5 (full 2):
 PSYoungGen      total 15360K, used 0K [0x00000000eef80000, 0x00000000f0080000, 0x0000000100000000)
  eden space 13312K, 0% used [0x00000000eef80000,0x00000000eef80000,0x00000000efc80000)
  from space 2048K, 0% used [0x00000000efc80000,0x00000000efc80000,0x00000000efe80000)
  to   space 2048K, 0% used [0x00000000efe80000,0x00000000efe80000,0x00000000f0080000)
 ParOldGen       total 35840K, used 1898K [0x00000000cce00000, 0x00000000cf100000, 0x00000000eef80000)
  object space 35840K, 5% used [0x00000000cce00000,0x00000000ccfdab70,0x00000000cf100000)
 Metaspace       used 9480K, capacity 9584K, committed 9856K, reserved 1058816K
  class space    used 1007K, capacity 1043K, committed 1152K, reserved 1048576K
}

Deoptimization events (4 events):
Event: 1.318 Thread 0x0000000002c31000 Uncommon trap: reason=unstable_if action=reinterpret pc=0x0000000002ef9ddc method=com.trolltech.qt.internal.fileengine.QJarEntryEngine.read(Lcom/trolltech/qt/QNativePointer;J)J @ 42
Event: 1.366 Thread 0x0000000002c31000 Uncommon trap: reason=unstable_if action=reinterpret pc=0x0000000002ef84b4 method=com.trolltech.qt.QNativePointer.verifyAccess(Lcom/trolltech/qt/QNativePointer$Type;I)V @ 60
Event: 1.366 Thread 0x0000000002c31000 Uncommon trap: reason=unstable_if action=reinterpret pc=0x0000000002efcf1c method=com.trolltech.qt.QNativePointer.verifyAccess(Lcom/trolltech/qt/QNativePointer$Type;I)V @ 60
Event: 3.161 Thread 0x0000000002c31000 Uncommon trap: reason=range_check action=make_not_entrant pc=0x0000000002f2e2e0 method=sun.reflect.generics.parser.SignatureParser.current()C @ 34

Internal exceptions (10 events):
Event: 3.327 Thread 0x0000000002c31000 Exception <a 'java/lang/NoSuchFieldError': columnsAboutToBeInserted> (0x00000000ef9fc468) thrown at [C:\re\workspace\8-2-build-windows-amd64-cygwin\jdk8u111\7883\hotspot\src\share\vm\prims\jni.cpp, line 2599]
Event: 3.327 Thread 0x0000000002c31000 Exception <a 'java/lang/NoSuchFieldError': columnsAboutToBeRemoved> (0x00000000ef9fc6c8) thrown at [C:\re\workspace\8-2-build-windows-amd64-cygwin\jdk8u111\7883\hotspot\src\share\vm\prims\jni.cpp, line 2599]
Event: 3.327 Thread 0x0000000002c31000 Exception <a 'java/lang/NoSuchFieldError': columnsInserted> (0x00000000ef9fc918) thrown at [C:\re\workspace\8-2-build-windows-amd64-cygwin\jdk8u111\7883\hotspot\src\share\vm\prims\jni.cpp, line 2599]
Event: 3.327 Thread 0x0000000002c31000 Exception <a 'java/lang/NoSuchFieldError': columnsRemoved> (0x00000000ef9fcb68) thrown at [C:\re\workspace\8-2-build-windows-amd64-cygwin\jdk8u111\7883\hotspot\src\share\vm\prims\jni.cpp, line 2599]
Event: 3.327 Thread 0x0000000002c31000 Exception <a 'java/lang/NoSuchFieldError': modelAboutToBeReset> (0x00000000ef9fcdc0) thrown at [C:\re\workspace\8-2-build-windows-amd64-cygwin\jdk8u111\7883\hotspot\src\share\vm\prims\jni.cpp, line 2599]
Event: 3.327 Thread 0x0000000002c31000 Exception <a 'java/lang/NoSuchFieldError': modelReset> (0x00000000ef9fd008) thrown at [C:\re\workspace\8-2-build-windows-amd64-cygwin\jdk8u111\7883\hotspot\src\share\vm\prims\jni.cpp, line 2599]
Event: 3.327 Thread 0x0000000002c31000 Exception <a 'java/lang/NoSuchFieldError': rowsAboutToBeInserted> (0x00000000ef9fd268) thrown at [C:\re\workspace\8-2-build-windows-amd64-cygwin\jdk8u111\7883\hotspot\src\share\vm\prims\jni.cpp, line 2599]
Event: 3.327 Thread 0x0000000002c31000 Exception <a 'java/lang/NoSuchFieldError': rowsAboutToBeRemoved> (0x00000000ef9fd4c0) thrown at [C:\re\workspace\8-2-build-windows-amd64-cygwin\jdk8u111\7883\hotspot\src\share\vm\prims\jni.cpp, line 2599]
Event: 3.327 Thread 0x0000000002c31000 Exception <a 'java/lang/NoSuchFieldError': rowsInserted> (0x00000000ef9fd708) thrown at [C:\re\workspace\8-2-build-windows-amd64-cygwin\jdk8u111\7883\hotspot\src\share\vm\prims\jni.cpp, line 2599]
Event: 3.327 Thread 0x0000000002c31000 Exception <a 'java/lang/NoSuchFieldError': rowsRemoved> (0x00000000ef9fd950) thrown at [C:\re\workspace\8-2-build-windows-amd64-cygwin\jdk8u111\7883\hotspot\src\share\vm\prims\jni.cpp, line 2599]

Events (10 events):
Event: 10.230 loading class sun/reflect/UnsafeStaticObjectFieldAccessorImpl done
Event: 10.230 loading class com/trolltech/qt/gui/QColor
Event: 10.230 loading class com/trolltech/qt/gui/QColor done
Event: 10.239 loading class com/trolltech/qt/core/Qt$GlobalColor
Event: 10.239 loading class com/trolltech/qt/core/Qt$GlobalColor done
Event: 10.242 loading class com/trolltech/qt/gui/QBrush
Event: 10.242 loading class com/trolltech/qt/gui/QBrush done
Event: 10.246 Executing VM operation: ParallelGCSystemGC
Event: 10.291 Executing VM operation: ParallelGCSystemGC done
Event: 10.292 Thread 0x00000000167fb800 Thread added: 0x00000000167fb800


Dynamic libraries:
0x00007ff736b00000 - 0x00007ff736b37000 	C:\Program Files\Java\jdk1.8.0_111\bin\java.exe
0x00007ff968e60000 - 0x00007ff969050000 	C:\Windows\SYSTEM32\ntdll.dll
0x00007ff92d040000 - 0x00007ff92d054000 	C:\Program Files\AVG\Antivirus\aswhook.dll
0x00007ff9674e0000 - 0x00007ff967592000 	C:\Windows\System32\KERNEL32.DLL
0x00007ff966c60000 - 0x00007ff966f03000 	C:\Windows\System32\KERNELBASE.dll
0x00007ff968820000 - 0x00007ff9688c3000 	C:\Windows\System32\ADVAPI32.dll
0x00007ff967980000 - 0x00007ff967a1e000 	C:\Windows\System32\msvcrt.dll
0x00007ff967be0000 - 0x00007ff967c77000 	C:\Windows\System32\sechost.dll
0x00007ff967860000 - 0x00007ff967980000 	C:\Windows\System32\RPCRT4.dll
0x00007ff967a20000 - 0x00007ff967bb4000 	C:\Windows\System32\USER32.dll
0x00007ff9668f0000 - 0x00007ff966911000 	C:\Windows\System32\win32u.dll
0x00007ff967450000 - 0x00007ff967476000 	C:\Windows\System32\GDI32.dll
0x00007ff9666b0000 - 0x00007ff966844000 	C:\Windows\System32\gdi32full.dll
0x00007ff966850000 - 0x00007ff9668ee000 	C:\Windows\System32\msvcp_win.dll
0x00007ff966b10000 - 0x00007ff966c0a000 	C:\Windows\System32\ucrtbase.dll
0x00007ff958b00000 - 0x00007ff958d85000 	C:\Windows\WinSxS\amd64_microsoft.windows.common-controls_6595b64144ccf1df_6.0.18362.418_none_e6c6b287130d565d\COMCTL32.dll
0x00007ff968930000 - 0x00007ff968c66000 	C:\Windows\System32\combase.dll
0x00007ff966920000 - 0x00007ff9669a0000 	C:\Windows\System32\bcryptPrimitives.dll
0x00007ff967c80000 - 0x00007ff967cae000 	C:\Windows\System32\IMM32.DLL
0x00000000531b0000 - 0x0000000053282000 	C:\Program Files\Java\jdk1.8.0_111\jre\bin\msvcr100.dll
0x0000000053290000 - 0x0000000053b2a000 	C:\Program Files\Java\jdk1.8.0_111\jre\bin\server\jvm.dll
0x00007ff967f00000 - 0x00007ff967f08000 	C:\Windows\System32\PSAPI.DLL
0x00007ff958810000 - 0x00007ff958819000 	C:\Windows\SYSTEM32\WSOCK32.dll
0x00007ff967dc0000 - 0x00007ff967e2f000 	C:\Windows\System32\WS2_32.dll
0x00007ff9639e0000 - 0x00007ff963a04000 	C:\Windows\SYSTEM32\WINMM.dll
0x00007ff960260000 - 0x00007ff96026a000 	C:\Windows\SYSTEM32\VERSION.dll
0x00007ff9639b0000 - 0x00007ff9639dd000 	C:\Windows\SYSTEM32\WINMMBASE.dll
0x00007ff966c10000 - 0x00007ff966c5a000 	C:\Windows\System32\cfgmgr32.dll
0x0000000053160000 - 0x000000005316f000 	C:\Program Files\Java\jdk1.8.0_111\jre\bin\verify.dll
0x0000000053130000 - 0x0000000053159000 	C:\Program Files\Java\jdk1.8.0_111\jre\bin\java.dll
0x0000000053110000 - 0x0000000053126000 	C:\Program Files\Java\jdk1.8.0_111\jre\bin\zip.dll
0x00007ff967f10000 - 0x00007ff9685f5000 	C:\Windows\System32\SHELL32.dll
0x00007ff9677b0000 - 0x00007ff967859000 	C:\Windows\System32\shcore.dll
0x00007ff965df0000 - 0x00007ff96656f000 	C:\Windows\System32\windows.storage.dll
0x00007ff965db0000 - 0x00007ff965dcf000 	C:\Windows\System32\profapi.dll
0x00007ff965d60000 - 0x00007ff965daa000 	C:\Windows\System32\powrprof.dll
0x00007ff965d30000 - 0x00007ff965d40000 	C:\Windows\System32\UMPDC.dll
0x00007ff967ea0000 - 0x00007ff967ef2000 	C:\Windows\System32\shlwapi.dll
0x00007ff965dd0000 - 0x00007ff965de1000 	C:\Windows\System32\kernel.appcore.dll
0x00007ff9669a0000 - 0x00007ff9669b7000 	C:\Windows\System32\cryptsp.dll
0x0000000050d70000 - 0x000000005104e000 	C:\Users\Beli\AppData\Local\Temp\QtJambi_Beli_amd64_4.8.7_msvc2013x64-20150908-1314\lib\QtCore4.dll
0x00007ff9675a0000 - 0x00007ff9676f6000 	C:\Windows\System32\ole32.dll
0x00007ff953770000 - 0x00007ff953816000 	C:\Program Files\Java\jdk1.8.0_111\jre\bin\MSVCP120.dll
0x00007ff9258c0000 - 0x00007ff9259af000 	C:\Program Files\Java\jdk1.8.0_111\jre\bin\MSVCR120.dll
0x00007ff953730000 - 0x00007ff953770000 	C:\Users\Beli\AppData\Local\Temp\QtJambi_Beli_amd64_4.8.7_msvc2013x64-20150908-1314\lib\qtjambi.dll
0x00007ff924250000 - 0x00007ff92437f000 	C:\Users\Beli\AppData\Local\Temp\QtJambi_Beli_amd64_4.8.7_msvc2013x64-20150908-1314\lib\com_trolltech_qt_core.dll
0x0000000050400000 - 0x0000000050d6e000 	C:\Users\Beli\AppData\Local\Temp\QtJambi_Beli_amd64_4.8.7_msvc2013x64-20150908-1314\lib\QtGui4.dll
0x00007ff968600000 - 0x00007ff9686d0000 	C:\Windows\System32\COMDLG32.dll
0x00007ff967380000 - 0x00007ff967444000 	C:\Windows\System32\OLEAUT32.dll
0x00007ff958d90000 - 0x00007ff958e19000 	C:\Windows\SYSTEM32\WINSPOOL.DRV
0x00007ff966570000 - 0x00007ff966596000 	C:\Windows\System32\bcrypt.dll
0x00007ff9626f0000 - 0x00007ff9627df000 	C:\Windows\SYSTEM32\PROPSYS.dll
0x00007ff9652b0000 - 0x00007ff9652ea000 	C:\Windows\SYSTEM32\IPHLPAPI.DLL
0x00007ff912a30000 - 0x00007ff91315f000 	C:\Users\Beli\AppData\Local\Temp\QtJambi_Beli_amd64_4.8.7_msvc2013x64-20150908-1314\lib\com_trolltech_qt_gui.dll
0x00007ff9640b0000 - 0x00007ff964149000 	C:\Windows\system32\uxtheme.dll
0x00007ff9686e0000 - 0x00007ff968816000 	C:\Windows\System32\MSCTF.dll
0x00007ff9615b0000 - 0x00007ff9615bd000 	C:\Users\Beli\AppData\Local\Temp\QtJambi_Beli_amd64_4.8.7_msvc2013x64-20150908-1314\plugins\imageformats\qgif4.dll
0x00007ff961520000 - 0x00007ff96152e000 	C:\Users\Beli\AppData\Local\Temp\QtJambi_Beli_amd64_4.8.7_msvc2013x64-20150908-1314\plugins\imageformats\qico4.dll
0x00007ff94f300000 - 0x00007ff94f33d000 	C:\Users\Beli\AppData\Local\Temp\QtJambi_Beli_amd64_4.8.7_msvc2013x64-20150908-1314\plugins\imageformats\qjpeg4.dll
0x00007ff948730000 - 0x00007ff948779000 	C:\Users\Beli\AppData\Local\Temp\QtJambi_Beli_amd64_4.8.7_msvc2013x64-20150908-1314\plugins\imageformats\qmng4.dll
0x00007ff9486d0000 - 0x00007ff94872b000 	C:\Users\Beli\AppData\Local\Temp\QtJambi_Beli_amd64_4.8.7_msvc2013x64-20150908-1314\plugins\imageformats\qtiff4.dll
0x00007ff95ba60000 - 0x00007ff95bafe000 	C:\Windows\System32\TextInputFramework.dll
0x00007ff9609b0000 - 0x00007ff960cda000 	C:\Windows\System32\CoreUIComponents.dll
0x00007ff963dc0000 - 0x00007ff963e94000 	C:\Windows\System32\CoreMessaging.dll
0x00007ff964d90000 - 0x00007ff964dc1000 	C:\Windows\SYSTEM32\ntmarta.dll
0x00007ff961960000 - 0x00007ff961ab3000 	C:\Windows\SYSTEM32\wintypes.dll
0x00007ff95a4c0000 - 0x00007ff95a766000 	C:\Windows\System32\iertutil.dll
0x00007ff92fa40000 - 0x00007ff92fae9000 	C:\Windows\WinSxS\amd64_microsoft.windows.common-controls_6595b64144ccf1df_5.82.18362.418_none_2a23d356466d526c\comctl32.dll
0x00007ff967700000 - 0x00007ff9677a2000 	C:\Windows\System32\clbcatq.dll
0x00007ff9649a0000 - 0x00007ff9649c0000 	C:\Windows\SYSTEM32\dxcore.dll
0x00007ff95f4d0000 - 0x00007ff95f6c4000 	C:\Windows\SYSTEM32\dbghelp.dll

VM Arguments:
jvm_args: -Dfile.encoding=UTF-8 
java_command: goodfitmultiplataforma.GoodFitMultiplataforma
java_class_path (initial): C:\Users\Beli\Desktop\Alejandro\qtjambi-community-4.8.7-win64-msvc2013\qtjambi-4.8.7.jar;C:\Users\Beli\Desktop\Alejandro\qtjambi-community-4.8.7-win64-msvc2013\qtjambi-designer-4.8.7.jar;C:\Users\Beli\Desktop\Alejandro\qtjambi-community-4.8.7-win64-msvc2013\qtjambi-examples-4.8.7.jar;C:\Users\Beli\Desktop\Alejandro\qtjambi-community-4.8.7-win64-msvc2013\qtjambi-examples-src.jar;C:\Users\Beli\Desktop\Alejandro\qtjambi-community-4.8.7-win64-msvc2013\qtjambi-native-win64-msvc2013x64-4.8.7.jar;C:\Users\Beli\Desktop\Alejandro\qtjambi-community-4.8.7-win64-msvc2013\qtjambi-src.jar;C:\Users\Beli\Desktop\Alejandro\Nueva carpeta\recursos.jar;C:\Users\Beli\Documents\NetBeansProjects\goodFitMultiplataforma\build\classes
Launcher Type: SUN_STANDARD

Environment Variables:
PATH=C:\Program Files (x86)\Common Files\Oracle\Java\javapath;C:\ProgramData\Oracle\Java\javapath;C:\Windows\system32;C:\Windows;C:\Windows\System32\Wbem;C:\Windows\System32\WindowsPowerShell\v1.0\;C:\Windows\System32\OpenSSH\;C:\Program Files\Java\jdk1.8.0_111\bin;C:\Users\Beli\AppData\Local\Microsoft\WindowsApps;
USERNAME=Beli
OS=Windows_NT
PROCESSOR_IDENTIFIER=AMD64 Family 21 Model 16 Stepping 1, AuthenticAMD



---------------  S Y S T E M  ---------------

OS: Windows 10.0 , 64 bit Build 18362 (10.0.18362.329)

CPU:total 4 (4 cores per cpu, 1 threads per core) family 21 model 16 stepping 1, cmov, cx8, fxsr, mmx, sse, sse2, sse3, ssse3, sse4.1, sse4.2, popcnt, avx, aes, clmul, mmxext, 3dnowpref, lzcnt, sse4a, tsc, tscinvbit, tscinv, bmi1

Memory: 4k page, physical 3348744k(313928k free), swap 5434756k(1361712k free)

vm_info: Java HotSpot(TM) 64-Bit Server VM (25.111-b14) for windows-amd64 JRE (1.8.0_111-b14), built on Sep 22 2016 19:24:05 by "java_re" with MS VC++ 10.0 (VS2010)

time: Wed Nov 13 00:51:01 2019
elapsed time: 10 seconds (0d 0h 0m 10s)

