#
# A fatal error has been detected by the Java Runtime Environment:
#
#  EXCEPTION_ACCESS_VIOLATION (0xc0000005) at pc=0x000000005d812cbd, pid=6440, tid=0x0000000000002c38
#
# JRE version: Java(TM) SE Runtime Environment (8.0_111-b14) (build 1.8.0_111-b14)
# Java VM: Java HotSpot(TM) 64-Bit Server VM (25.111-b14 mixed mode windows-amd64 compressed oops)
# Problematic frame:
# C  [QtGui4.dll+0x62cbd]
#
# Failed to write core dump. Minidumps are not enabled by default on client versions of Windows
#
# If you would like to submit a bug report, please visit:
#   http://bugreport.java.com/bugreport/crash.jsp
# The crash happened outside the Java Virtual Machine in native code.
# See problematic frame for where to report the bug.
#

---------------  T H R E A D  ---------------

Current thread (0x000000001446a800):  JavaThread "Finalizer" daemon [_thread_in_native, id=11320, stack(0x00000000156d0000,0x00000000157d0000)]

siginfo: ExceptionCode=0xc0000005, reading address 0x0000000000000008

Registers:
RAX=0x0000000000000000, RBX=0x00000000fffffffd, RCX=0x00000000179eaeb0, RDX=0x0000000000000001
RSP=0x00000000157ce850, RBP=0x0000000000000002, RSI=0x0000000016a25ce0, RDI=0x0000000016a25ce0
R8 =0x00000000000000e6, R9 =0x0000000000000040, R10=0x00000000000000c0, R11=0x00000000157ce750
R12=0x0000000016a25330, R13=0x0000000016756de0, R14=0x0000000000000000, R15=0x0000000000000000
RIP=0x000000005d812cbd, EFLAGS=0x0000000000010206

Top of Stack: (sp=0x00000000157ce850)
0x00000000157ce850:   00000000179eaeb0 00000000fffffffd
0x00000000157ce860:   0000000000000002 00007ffce51e69d8
0x00000000157ce870:   0000000000000000 0000000000000002
0x00000000157ce880:   fffffffffffffffe 0000000016a25330
0x00000000157ce890:   0000000000000000 000000005db2b1ce
0x00000000157ce8a0:   0000000016951660 0000000000000001
0x00000000157ce8b0:   00000000179eaeb0 0000000000000000
0x00000000157ce8c0:   0000000000000001 000000005db2aa44
0x00000000157ce8d0:   0000000016a25ce0 0000000000000002
0x00000000157ce8e0:   0000000016a257e0 0000000000000001
0x00000000157ce8f0:   fffffffffffffffe 0000000000000001
0x00000000157ce900:   0000000016a25ce0 00007ffca3a929a5
0x00000000157ce910:   0000000016a25ce0 0000000000000000
0x00000000157ce920:   0000000016a4eb40 000000005e3de0a8
0x00000000157ce930:   fffffffffffffffe 00000000177d3298
0x00000000157ce940:   0000000016756de0 000000005e23ab73 

Instructions: (pc=0x000000005d812cbd)
0x000000005d812c9d:   44 24 20 00 00 00 00 45 33 c9 45 33 c0 33 d2 48
0x000000005d812cad:   8d 4c 24 60 e8 ba ba fd ff 90 ff 15 bb 9b 58 00
0x000000005d812cbd:   48 8b 48 08 48 81 c1 28 01 00 00 4c 8d 4c 24 60
0x000000005d812ccd:   4c 8b c7 8b d3 e8 f9 8c fe ff 90 48 8d 4c 24 60 


Register to memory mapping:

RAX=0x0000000000000000 is an unknown value
RBX=0x00000000fffffffd is an unallocated location in the heap
RCX=0x00000000179eaeb0 is an unknown value
RDX=0x0000000000000001 is an unknown value
RSP=0x00000000157ce850 is pointing into the stack for thread: 0x000000001446a800
RBP=0x0000000000000002 is an unknown value
RSI=0x0000000016a25ce0 is an unknown value
RDI=0x0000000016a25ce0 is an unknown value
R8 =0x00000000000000e6 is an unknown value
R9 =0x0000000000000040 is an unknown value
R10=0x00000000000000c0 is an unknown value
R11=0x00000000157ce750 is pointing into the stack for thread: 0x000000001446a800
R12=0x0000000016a25330 is an unknown value
R13=0x0000000016756de0 is an unknown value
R14=0x0000000000000000 is an unknown value
R15=0x0000000000000000 is an unknown value


Stack: [0x00000000156d0000,0x00000000157d0000],  sp=0x00000000157ce850,  free space=1018k
Native frames: (J=compiled Java code, j=interpreted, Vv=VM code, C=native code)
C  [QtGui4.dll+0x62cbd]
C  [QtGui4.dll+0x37b1ce]
C  [QtGui4.dll+0x37aa44]
C  [com_trolltech_qt_gui.dll+0x1b29a5]
C  [QtCore4.dll+0x11ab73]
C  [QtGui4.dll+0x580f8]
C  [com_trolltech_qt_gui.dll+0x34c494]
C  [QtCore4.dll+0x11ab73]
C  [QtGui4.dll+0x580f8]
C  [com_trolltech_qt_gui.dll+0xc3ea4]
C  [qtjambi.dll+0x1644a]
C  [qtjambi.dll+0x15d0e]
C  [qtjambi.dll+0x17011]
C  0x0000000002547934

Java frames: (J=compiled Java code, j=interpreted, Vv=VM code)
j  com.trolltech.qt.internal.QtJambiObject.finalize()V+0
J 379 C1 java.lang.ref.Finalizer.runFinalizer(Lsun/misc/JavaLangAccess;)V (62 bytes) @ 0x000000000270660c [0x0000000002706080+0x58c]
J 378 C1 java.lang.ref.Finalizer.access$100(Ljava/lang/ref/Finalizer;Lsun/misc/JavaLangAccess;)V (6 bytes) @ 0x0000000002705d1c [0x0000000002705cc0+0x5c]
j  java.lang.ref.Finalizer$FinalizerThread.run()V+45
v  ~StubRoutines::call_stub

---------------  P R O C E S S  ---------------

Java Threads: ( => current thread )
  0x0000000017e14800 JavaThread "Thread-2" daemon [_thread_in_native, id=5820, stack(0x0000000017c50000,0x0000000017d50000)]
  0x0000000002431000 JavaThread "DestroyJavaVM" [_thread_blocked, id=8568, stack(0x0000000002320000,0x0000000002420000)]
  0x0000000015e18800 JavaThread "Service Thread" daemon [_thread_blocked, id=9332, stack(0x00000000161f0000,0x00000000162f0000)]
  0x000000001448a000 JavaThread "C1 CompilerThread2" daemon [_thread_blocked, id=10260, stack(0x0000000015cf0000,0x0000000015df0000)]
  0x0000000014483800 JavaThread "C2 CompilerThread1" daemon [_thread_blocked, id=10408, stack(0x0000000015bf0000,0x0000000015cf0000)]
  0x000000001447c800 JavaThread "C2 CompilerThread0" daemon [_thread_blocked, id=10828, stack(0x0000000015af0000,0x0000000015bf0000)]
  0x000000001447b800 JavaThread "Attach Listener" daemon [_thread_blocked, id=5212, stack(0x00000000159f0000,0x0000000015af0000)]
  0x000000001447a000 JavaThread "Signal Dispatcher" daemon [_thread_blocked, id=10920, stack(0x00000000158f0000,0x00000000159f0000)]
=>0x000000001446a800 JavaThread "Finalizer" daemon [_thread_in_native, id=11320, stack(0x00000000156d0000,0x00000000157d0000)]
  0x0000000014449000 JavaThread "Reference Handler" daemon [_thread_blocked, id=8036, stack(0x00000000155d0000,0x00000000156d0000)]

Other Threads:
  0x0000000014447800 VMThread [stack: 0x00000000154d0000,0x00000000155d0000] [id=8532]
  0x0000000015e32800 WatcherThread [stack: 0x0000000016460000,0x0000000016560000] [id=1428]

VM state:not at safepoint (normal execution)

VM Mutex/Monitor currently owned by a thread: None

Heap:
 PSYoungGen      total 15360K, used 0K [0x00000000eef80000, 0x00000000f0080000, 0x0000000100000000)
  eden space 13312K, 0% used [0x00000000eef80000,0x00000000eef801d0,0x00000000efc80000)
  from space 2048K, 0% used [0x00000000efe80000,0x00000000efe80000,0x00000000f0080000)
  to   space 2048K, 0% used [0x00000000efc80000,0x00000000efc80000,0x00000000efe80000)
 ParOldGen       total 35840K, used 1604K [0x00000000cce00000, 0x00000000cf100000, 0x00000000eef80000)
  object space 35840K, 4% used [0x00000000cce00000,0x00000000ccf91168,0x00000000cf100000)
 Metaspace       used 8722K, capacity 8778K, committed 8960K, reserved 1056768K
  class space    used 930K, capacity 945K, committed 1024K, reserved 1048576K

Card table byte_map: [0x00000000118f0000,0x0000000011a90000] byte_map_base: 0x0000000011289000

Marking Bits: (ParMarkBitMap*) 0x0000000060e5a6c0
 Begin Bits: [0x0000000011fb0000, 0x0000000012c78000)
 End Bits:   [0x0000000012c78000, 0x0000000013940000)

Polling page: 0x0000000002250000

CodeCache: size=245760Kb used=2132Kb max_used=2132Kb free=243627Kb
 bounds [0x0000000002530000, 0x00000000027a0000, 0x0000000011530000]
 total_blobs=793 nmethods=469 adapters=238
 compilation: enabled

Compilation events (10 events):
Event: 2.179 Thread 0x000000001447c800 nmethod 465 0x00000000027417d0 code [0x0000000002741940, 0x0000000002741cb8]
Event: 2.179 Thread 0x000000001447c800  466       4       java.util.ArrayList$Itr::hasNext (20 bytes)
Event: 2.180 Thread 0x000000001447c800 nmethod 466 0x0000000002742610 code [0x0000000002742740, 0x00000000027427d8]
Event: 2.214 Thread 0x0000000014483800 nmethod 460% 0x0000000002746b90 code [0x0000000002746e20, 0x00000000027481b0]
Event: 3.143 Thread 0x000000001448a000  467       3       com.trolltech.qt.QtJambiGuiInternal::endPaint (57 bytes)
Event: 3.144 Thread 0x000000001448a000 nmethod 467 0x0000000002740a90 code [0x0000000002740c80, 0x00000000027415c8]
Event: 5.954 Thread 0x000000001448a000  468       3       java.lang.reflect.Field::getFieldAccessor (35 bytes)
Event: 5.954 Thread 0x000000001448a000 nmethod 468 0x0000000002746550 code [0x00000000027466c0, 0x0000000002746908]
Event: 5.954 Thread 0x000000001448a000  469       3       sun.reflect.UnsafeFieldAccessorImpl::ensureObj (23 bytes)
Event: 5.955 Thread 0x000000001448a000 nmethod 469 0x0000000002745710 code [0x00000000027458e0, 0x0000000002746238]

GC Heap History (10 events):
Event: 2.041 GC heap before
{Heap before GC invocations=1 (full 0):
 PSYoungGen      total 15360K, used 13312K [0x00000000eef80000, 0x00000000f0080000, 0x0000000100000000)
  eden space 13312K, 100% used [0x00000000eef80000,0x00000000efc80000,0x00000000efc80000)
  from space 2048K, 0% used [0x00000000efe80000,0x00000000efe80000,0x00000000f0080000)
  to   space 2048K, 0% used [0x00000000efc80000,0x00000000efc80000,0x00000000efe80000)
 ParOldGen       total 35840K, used 0K [0x00000000cce00000, 0x00000000cf100000, 0x00000000eef80000)
  object space 35840K, 0% used [0x00000000cce00000,0x00000000cce00000,0x00000000cf100000)
 Metaspace       used 8185K, capacity 8298K, committed 8448K, reserved 1056768K
  class space    used 883K, capacity 913K, committed 1024K, reserved 1048576K
Event: 2.050 GC heap after
Heap after GC invocations=1 (full 0):
 PSYoungGen      total 15360K, used 2027K [0x00000000eef80000, 0x00000000f0080000, 0x0000000100000000)
  eden space 13312K, 0% used [0x00000000eef80000,0x00000000eef80000,0x00000000efc80000)
  from space 2048K, 98% used [0x00000000efc80000,0x00000000efe7ac88,0x00000000efe80000)
  to   space 2048K, 0% used [0x00000000efe80000,0x00000000efe80000,0x00000000f0080000)
 ParOldGen       total 35840K, used 1363K [0x00000000cce00000, 0x00000000cf100000, 0x00000000eef80000)
  object space 35840K, 3% used [0x00000000cce00000,0x00000000ccf54d80,0x00000000cf100000)
 Metaspace       used 8185K, capacity 8298K, committed 8448K, reserved 1056768K
  class space    used 883K, capacity 913K, committed 1024K, reserved 1048576K
}
Event: 5.769 GC heap before
{Heap before GC invocations=2 (full 0):
 PSYoungGen      total 15360K, used 11753K [0x00000000eef80000, 0x00000000f0080000, 0x0000000100000000)
  eden space 13312K, 73% used [0x00000000eef80000,0x00000000ef8ff940,0x00000000efc80000)
  from space 2048K, 98% used [0x00000000efc80000,0x00000000efe7ac88,0x00000000efe80000)
  to   space 2048K, 0% used [0x00000000efe80000,0x00000000efe80000,0x00000000f0080000)
 ParOldGen       total 35840K, used 1363K [0x00000000cce00000, 0x00000000cf100000, 0x00000000eef80000)
  object space 35840K, 3% used [0x00000000cce00000,0x00000000ccf54d80,0x00000000cf100000)
 Metaspace       used 8540K, capacity 8650K, committed 8960K, reserved 1056768K
  class space    used 914K, capacity 945K, committed 1024K, reserved 1048576K
Event: 5.869 GC heap after
Heap after GC invocations=2 (full 0):
 PSYoungGen      total 15360K, used 1792K [0x00000000eef80000, 0x00000000f0080000, 0x0000000100000000)
  eden space 13312K, 0% used [0x00000000eef80000,0x00000000eef80000,0x00000000efc80000)
  from space 2048K, 87% used [0x00000000efe80000,0x00000000f0040108,0x00000000f0080000)
  to   space 2048K, 0% used [0x00000000efc80000,0x00000000efc80000,0x00000000efe80000)
 ParOldGen       total 35840K, used 1363K [0x00000000cce00000, 0x00000000cf100000, 0x00000000eef80000)
  object space 35840K, 3% used [0x00000000cce00000,0x00000000ccf54d80,0x00000000cf100000)
 Metaspace       used 8540K, capacity 8650K, committed 8960K, reserved 1056768K
  class space    used 914K, capacity 945K, committed 1024K, reserved 1048576K
}
Event: 5.869 GC heap before
{Heap before GC invocations=3 (full 1):
 PSYoungGen      total 15360K, used 1792K [0x00000000eef80000, 0x00000000f0080000, 0x0000000100000000)
  eden space 13312K, 0% used [0x00000000eef80000,0x00000000eef80000,0x00000000efc80000)
  from space 2048K, 87% used [0x00000000efe80000,0x00000000f0040108,0x00000000f0080000)
  to   space 2048K, 0% used [0x00000000efc80000,0x00000000efc80000,0x00000000efe80000)
 ParOldGen       total 35840K, used 1363K [0x00000000cce00000, 0x00000000cf100000, 0x00000000eef80000)
  object space 35840K, 3% used [0x00000000cce00000,0x00000000ccf54d80,0x00000000cf100000)
 Metaspace       used 8540K, capacity 8650K, committed 8960K, reserved 1056768K
  class space    used 914K, capacity 945K, committed 1024K, reserved 1048576K
Event: 5.905 GC heap after
Heap after GC invocations=3 (full 1):
 PSYoungGen      total 15360K, used 0K [0x00000000eef80000, 0x00000000f0080000, 0x0000000100000000)
  eden space 13312K, 0% used [0x00000000eef80000,0x00000000eef80000,0x00000000efc80000)
  from space 2048K, 0% used [0x00000000efe80000,0x00000000efe80000,0x00000000f0080000)
  to   space 2048K, 0% used [0x00000000efc80000,0x00000000efc80000,0x00000000efe80000)
 ParOldGen       total 35840K, used 1790K [0x00000000cce00000, 0x00000000cf100000, 0x00000000eef80000)
  object space 35840K, 4% used [0x00000000cce00000,0x00000000ccfbf9c0,0x00000000cf100000)
 Metaspace       used 8540K, capacity 8650K, committed 8960K, reserved 1056768K
  class space    used 914K, capacity 945K, committed 1024K, reserved 1048576K
}
Event: 5.958 GC heap before
{Heap before GC invocations=4 (full 1):
 PSYoungGen      total 15360K, used 691K [0x00000000eef80000, 0x00000000f0080000, 0x0000000100000000)
  eden space 13312K, 5% used [0x00000000eef80000,0x00000000ef02cf60,0x00000000efc80000)
  from space 2048K, 0% used [0x00000000efe80000,0x00000000efe80000,0x00000000f0080000)
  to   space 2048K, 0% used [0x00000000efc80000,0x00000000efc80000,0x00000000efe80000)
 ParOldGen       total 35840K, used 1790K [0x00000000cce00000, 0x00000000cf100000, 0x00000000eef80000)
  object space 35840K, 4% used [0x00000000cce00000,0x00000000ccfbf9c0,0x00000000cf100000)
 Metaspace       used 8682K, capacity 8778K, committed 8960K, reserved 1056768K
  class space    used 924K, capacity 945K, committed 1024K, reserved 1048576K
Event: 5.960 GC heap after
Heap after GC invocations=4 (full 1):
 PSYoungGen      total 15360K, used 118K [0x00000000eef80000, 0x00000000f0080000, 0x0000000100000000)
  eden space 13312K, 0% used [0x00000000eef80000,0x00000000eef80000,0x00000000efc80000)
  from space 2048K, 5% used [0x00000000efc80000,0x00000000efc9d810,0x00000000efe80000)
  to   space 2048K, 0% used [0x00000000efe80000,0x00000000efe80000,0x00000000f0080000)
 ParOldGen       total 35840K, used 1790K [0x00000000cce00000, 0x00000000cf100000, 0x00000000eef80000)
  object space 35840K, 4% used [0x00000000cce00000,0x00000000ccfbf9c0,0x00000000cf100000)
 Metaspace       used 8682K, capacity 8778K, committed 8960K, reserved 1056768K
  class space    used 924K, capacity 945K, committed 1024K, reserved 1048576K
}
Event: 5.960 GC heap before
{Heap before GC invocations=5 (full 2):
 PSYoungGen      total 15360K, used 118K [0x00000000eef80000, 0x00000000f0080000, 0x0000000100000000)
  eden space 13312K, 0% used [0x00000000eef80000,0x00000000eef80000,0x00000000efc80000)
  from space 2048K, 5% used [0x00000000efc80000,0x00000000efc9d810,0x00000000efe80000)
  to   space 2048K, 0% used [0x00000000efe80000,0x00000000efe80000,0x00000000f0080000)
 ParOldGen       total 35840K, used 1790K [0x00000000cce00000, 0x00000000cf100000, 0x00000000eef80000)
  object space 35840K, 4% used [0x00000000cce00000,0x00000000ccfbf9c0,0x00000000cf100000)
 Metaspace       used 8682K, capacity 8778K, committed 8960K, reserved 1056768K
  class space    used 924K, capacity 945K, committed 1024K, reserved 1048576K
Event: 6.001 GC heap after
Heap after GC invocations=5 (full 2):
 PSYoungGen      total 15360K, used 0K [0x00000000eef80000, 0x00000000f0080000, 0x0000000100000000)
  eden space 13312K, 0% used [0x00000000eef80000,0x00000000eef80000,0x00000000efc80000)
  from space 2048K, 0% used [0x00000000efc80000,0x00000000efc80000,0x00000000efe80000)
  to   space 2048K, 0% used [0x00000000efe80000,0x00000000efe80000,0x00000000f0080000)
 ParOldGen       total 35840K, used 1643K [0x00000000cce00000, 0x00000000cf100000, 0x00000000eef80000)
  object space 35840K, 4% used [0x00000000cce00000,0x00000000ccf9aeb8,0x00000000cf100000)
 Metaspace       used 8682K, capacity 8778K, committed 8960K, reserved 1056768K
  class space    used 924K, capacity 945K, committed 1024K, reserved 1048576K
}

Deoptimization events (1 events):
Event: 2.001 Thread 0x0000000002431000 Uncommon trap: reason=range_check action=make_not_entrant pc=0x00000000026cdce0 method=sun.reflect.generics.parser.SignatureParser.current()C @ 34

Internal exceptions (10 events):
Event: 2.144 Thread 0x0000000002431000 Exception <a 'java/lang/NoSuchFieldError': columnsAboutToBeInserted> (0x00000000ef65cdb0) thrown at [C:\re\workspace\8-2-build-windows-amd64-cygwin\jdk8u111\7883\hotspot\src\share\vm\prims\jni.cpp, line 2599]
Event: 2.144 Thread 0x0000000002431000 Exception <a 'java/lang/NoSuchFieldError': columnsAboutToBeRemoved> (0x00000000ef65d010) thrown at [C:\re\workspace\8-2-build-windows-amd64-cygwin\jdk8u111\7883\hotspot\src\share\vm\prims\jni.cpp, line 2599]
Event: 2.144 Thread 0x0000000002431000 Exception <a 'java/lang/NoSuchFieldError': columnsInserted> (0x00000000ef65d260) thrown at [C:\re\workspace\8-2-build-windows-amd64-cygwin\jdk8u111\7883\hotspot\src\share\vm\prims\jni.cpp, line 2599]
Event: 2.144 Thread 0x0000000002431000 Exception <a 'java/lang/NoSuchFieldError': columnsRemoved> (0x00000000ef65d4b0) thrown at [C:\re\workspace\8-2-build-windows-amd64-cygwin\jdk8u111\7883\hotspot\src\share\vm\prims\jni.cpp, line 2599]
Event: 2.144 Thread 0x0000000002431000 Exception <a 'java/lang/NoSuchFieldError': modelAboutToBeReset> (0x00000000ef65d708) thrown at [C:\re\workspace\8-2-build-windows-amd64-cygwin\jdk8u111\7883\hotspot\src\share\vm\prims\jni.cpp, line 2599]
Event: 2.144 Thread 0x0000000002431000 Exception <a 'java/lang/NoSuchFieldError': modelReset> (0x00000000ef65d950) thrown at [C:\re\workspace\8-2-build-windows-amd64-cygwin\jdk8u111\7883\hotspot\src\share\vm\prims\jni.cpp, line 2599]
Event: 2.145 Thread 0x0000000002431000 Exception <a 'java/lang/NoSuchFieldError': rowsAboutToBeInserted> (0x00000000ef65dbb0) thrown at [C:\re\workspace\8-2-build-windows-amd64-cygwin\jdk8u111\7883\hotspot\src\share\vm\prims\jni.cpp, line 2599]
Event: 2.145 Thread 0x0000000002431000 Exception <a 'java/lang/NoSuchFieldError': rowsAboutToBeRemoved> (0x00000000ef65de08) thrown at [C:\re\workspace\8-2-build-windows-amd64-cygwin\jdk8u111\7883\hotspot\src\share\vm\prims\jni.cpp, line 2599]
Event: 2.145 Thread 0x0000000002431000 Exception <a 'java/lang/NoSuchFieldError': rowsInserted> (0x00000000ef65e050) thrown at [C:\re\workspace\8-2-build-windows-amd64-cygwin\jdk8u111\7883\hotspot\src\share\vm\prims\jni.cpp, line 2599]
Event: 2.145 Thread 0x0000000002431000 Exception <a 'java/lang/NoSuchFieldError': rowsRemoved> (0x00000000ef65e298) thrown at [C:\re\workspace\8-2-build-windows-amd64-cygwin\jdk8u111\7883\hotspot\src\share\vm\prims\jni.cpp, line 2599]

Events (10 events):
Event: 5.943 loading class sun/reflect/UnsafeStaticObjectFieldAccessorImpl done
Event: 5.944 loading class com/trolltech/qt/gui/QColor
Event: 5.944 loading class com/trolltech/qt/gui/QColor done
Event: 5.952 loading class com/trolltech/qt/core/Qt$GlobalColor
Event: 5.952 loading class com/trolltech/qt/core/Qt$GlobalColor done
Event: 5.954 loading class com/trolltech/qt/gui/QBrush
Event: 5.954 loading class com/trolltech/qt/gui/QBrush done
Event: 5.958 Executing VM operation: ParallelGCSystemGC
Event: 6.001 Executing VM operation: ParallelGCSystemGC done
Event: 6.001 Thread 0x0000000017e14800 Thread added: 0x0000000017e14800


Dynamic libraries:
0x00007ff627180000 - 0x00007ff6271b7000 	C:\Program Files\Java\jdk1.8.0_111\bin\java.exe
0x00007ffcf9380000 - 0x00007ffcf9570000 	C:\Windows\SYSTEM32\ntdll.dll
0x00007ffcf29a0000 - 0x00007ffcf29b4000 	C:\Program Files\AVG\Antivirus\aswhook.dll
0x00007ffcf9280000 - 0x00007ffcf9332000 	C:\Windows\System32\KERNEL32.DLL
0x00007ffcf7180000 - 0x00007ffcf7423000 	C:\Windows\System32\KERNELBASE.dll
0x00007ffcf7500000 - 0x00007ffcf75a3000 	C:\Windows\System32\ADVAPI32.dll
0x00007ffcf7750000 - 0x00007ffcf77ee000 	C:\Windows\System32\msvcrt.dll
0x00007ffcf86c0000 - 0x00007ffcf8757000 	C:\Windows\System32\sechost.dll
0x00007ffcf8590000 - 0x00007ffcf86b0000 	C:\Windows\System32\RPCRT4.dll
0x00007ffcf75b0000 - 0x00007ffcf7744000 	C:\Windows\System32\USER32.dll
0x00007ffcf6570000 - 0x00007ffcf6591000 	C:\Windows\System32\win32u.dll
0x00007ffcf8010000 - 0x00007ffcf8036000 	C:\Windows\System32\GDI32.dll
0x00007ffcf6fe0000 - 0x00007ffcf7174000 	C:\Windows\System32\gdi32full.dll
0x00007ffcf64d0000 - 0x00007ffcf656e000 	C:\Windows\System32\msvcp_win.dll
0x00007ffcf6e90000 - 0x00007ffcf6f8a000 	C:\Windows\System32\ucrtbase.dll
0x00007ffcee510000 - 0x00007ffcee795000 	C:\Windows\WinSxS\amd64_microsoft.windows.common-controls_6595b64144ccf1df_6.0.18362.418_none_e6c6b287130d565d\COMCTL32.dll
0x00007ffcf8040000 - 0x00007ffcf8376000 	C:\Windows\System32\combase.dll
0x00007ffcf6370000 - 0x00007ffcf63f0000 	C:\Windows\System32\bcryptPrimitives.dll
0x00007ffcf8940000 - 0x00007ffcf896e000 	C:\Windows\System32\IMM32.DLL
0x0000000060560000 - 0x0000000060632000 	C:\Program Files\Java\jdk1.8.0_111\jre\bin\msvcr100.dll
0x0000000060640000 - 0x0000000060eda000 	C:\Program Files\Java\jdk1.8.0_111\jre\bin\server\jvm.dll
0x00007ffcf86b0000 - 0x00007ffcf86b8000 	C:\Windows\System32\PSAPI.DLL
0x00007ffced780000 - 0x00007ffced789000 	C:\Windows\SYSTEM32\WSOCK32.dll
0x00007ffcf7490000 - 0x00007ffcf74ff000 	C:\Windows\System32\WS2_32.dll
0x00007ffceeb20000 - 0x00007ffceeb44000 	C:\Windows\SYSTEM32\WINMM.dll
0x00007ffcefe90000 - 0x00007ffcefe9a000 	C:\Windows\SYSTEM32\VERSION.dll
0x00007ffceeaf0000 - 0x00007ffceeb1d000 	C:\Windows\SYSTEM32\WINMMBASE.dll
0x00007ffcf6f90000 - 0x00007ffcf6fda000 	C:\Windows\System32\cfgmgr32.dll
0x0000000060510000 - 0x000000006051f000 	C:\Program Files\Java\jdk1.8.0_111\jre\bin\verify.dll
0x00000000604e0000 - 0x0000000060509000 	C:\Program Files\Java\jdk1.8.0_111\jre\bin\java.dll
0x00000000604c0000 - 0x00000000604d6000 	C:\Program Files\Java\jdk1.8.0_111\jre\bin\zip.dll
0x00007ffcf8b30000 - 0x00007ffcf9215000 	C:\Windows\System32\SHELL32.dll
0x00007ffcf7c60000 - 0x00007ffcf7d09000 	C:\Windows\System32\shcore.dll
0x00007ffcf6710000 - 0x00007ffcf6e8f000 	C:\Windows\System32\windows.storage.dll
0x00007ffcf62d0000 - 0x00007ffcf62ef000 	C:\Windows\System32\profapi.dll
0x00007ffcf6260000 - 0x00007ffcf62aa000 	C:\Windows\System32\powrprof.dll
0x00007ffcf6250000 - 0x00007ffcf6260000 	C:\Windows\System32\UMPDC.dll
0x00007ffcf7430000 - 0x00007ffcf7482000 	C:\Windows\System32\shlwapi.dll
0x00007ffcf62f0000 - 0x00007ffcf6301000 	C:\Windows\System32\kernel.appcore.dll
0x00007ffcf65a0000 - 0x00007ffcf65b7000 	C:\Windows\System32\cryptsp.dll
0x000000005e120000 - 0x000000005e3fe000 	C:\Users\Beli\AppData\Local\Temp\QtJambi_Beli_amd64_4.8.7_msvc2013x64-20150908-1314\lib\QtCore4.dll
0x00007ffcf8380000 - 0x00007ffcf84d6000 	C:\Windows\System32\ole32.dll
0x00007ffce6360000 - 0x00007ffce6406000 	C:\Program Files\Java\jdk1.8.0_111\jre\bin\MSVCP120.dll
0x00007ffce5180000 - 0x00007ffce526f000 	C:\Program Files\Java\jdk1.8.0_111\jre\bin\MSVCR120.dll
0x00007ffcf1200000 - 0x00007ffcf1240000 	C:\Users\Beli\AppData\Local\Temp\QtJambi_Beli_amd64_4.8.7_msvc2013x64-20150908-1314\lib\qtjambi.dll
0x00007ffcceb00000 - 0x00007ffccec2f000 	C:\Users\Beli\AppData\Local\Temp\QtJambi_Beli_amd64_4.8.7_msvc2013x64-20150908-1314\lib\com_trolltech_qt_core.dll
0x000000005d7b0000 - 0x000000005e11e000 	C:\Users\Beli\AppData\Local\Temp\QtJambi_Beli_amd64_4.8.7_msvc2013x64-20150908-1314\lib\QtGui4.dll
0x00007ffcf89e0000 - 0x00007ffcf8ab0000 	C:\Windows\System32\COMDLG32.dll
0x00007ffcf8870000 - 0x00007ffcf8934000 	C:\Windows\System32\OLEAUT32.dll
0x00007ffceef20000 - 0x00007ffceefa9000 	C:\Windows\SYSTEM32\WINSPOOL.DRV
0x00007ffcf63f0000 - 0x00007ffcf6416000 	C:\Windows\System32\bcrypt.dll
0x00007ffcf28b0000 - 0x00007ffcf299f000 	C:\Windows\SYSTEM32\PROPSYS.dll
0x00007ffcf57d0000 - 0x00007ffcf580a000 	C:\Windows\SYSTEM32\IPHLPAPI.DLL
0x00007ffca38e0000 - 0x00007ffca400f000 	C:\Users\Beli\AppData\Local\Temp\QtJambi_Beli_amd64_4.8.7_msvc2013x64-20150908-1314\lib\com_trolltech_qt_gui.dll
0x00007ffcf45d0000 - 0x00007ffcf4669000 	C:\Windows\system32\uxtheme.dll
0x00007ffcf7d10000 - 0x00007ffcf7e46000 	C:\Windows\System32\MSCTF.dll
0x00007ffcf0e40000 - 0x00007ffcf0ede000 	C:\Windows\System32\TextInputFramework.dll
0x00007ffce1a00000 - 0x00007ffce1d2a000 	C:\Windows\System32\CoreUIComponents.dll
0x00007ffcf41e0000 - 0x00007ffcf42b4000 	C:\Windows\System32\CoreMessaging.dll
0x00007ffcf52b0000 - 0x00007ffcf52e1000 	C:\Windows\SYSTEM32\ntmarta.dll
0x00007ffcf2a30000 - 0x00007ffcf2b83000 	C:\Windows\SYSTEM32\wintypes.dll
0x00007ffce8c60000 - 0x00007ffce8f06000 	C:\Windows\System32\iertutil.dll
0x00007ffcf2190000 - 0x00007ffcf2239000 	C:\Windows\WinSxS\amd64_microsoft.windows.common-controls_6595b64144ccf1df_5.82.18362.418_none_2a23d356466d526c\comctl32.dll
0x00007ffcf87c0000 - 0x00007ffcf8862000 	C:\Windows\System32\clbcatq.dll
0x00007ffcf4f30000 - 0x00007ffcf4f50000 	C:\Windows\SYSTEM32\dxcore.dll
0x00007ffcf2c10000 - 0x00007ffcf2c1d000 	C:\Users\Beli\AppData\Local\Temp\QtJambi_Beli_amd64_4.8.7_msvc2013x64-20150908-1314\plugins\imageformats\qgif4.dll
0x00007ffcf2a20000 - 0x00007ffcf2a2e000 	C:\Users\Beli\AppData\Local\Temp\QtJambi_Beli_amd64_4.8.7_msvc2013x64-20150908-1314\plugins\imageformats\qico4.dll
0x00007ffce80b0000 - 0x00007ffce80ed000 	C:\Users\Beli\AppData\Local\Temp\QtJambi_Beli_amd64_4.8.7_msvc2013x64-20150908-1314\plugins\imageformats\qjpeg4.dll
0x00007ffce8060000 - 0x00007ffce80a9000 	C:\Users\Beli\AppData\Local\Temp\QtJambi_Beli_amd64_4.8.7_msvc2013x64-20150908-1314\plugins\imageformats\qmng4.dll
0x00007ffce6420000 - 0x00007ffce647b000 	C:\Users\Beli\AppData\Local\Temp\QtJambi_Beli_amd64_4.8.7_msvc2013x64-20150908-1314\plugins\imageformats\qtiff4.dll
0x00007ffcefb50000 - 0x00007ffcefd44000 	C:\Windows\SYSTEM32\dbghelp.dll

VM Arguments:
jvm_args: -Dfile.encoding=UTF-8 
java_command: goodfitmultiplataforma.GoodFitMultiplataforma
java_class_path (initial): C:\Users\Beli\Desktop\Alejandro\qtjambi-community-4.8.7-win64-msvc2013\qtjambi-4.8.7.jar;C:\Users\Beli\Desktop\Alejandro\qtjambi-community-4.8.7-win64-msvc2013\qtjambi-designer-4.8.7.jar;C:\Users\Beli\Desktop\Alejandro\qtjambi-community-4.8.7-win64-msvc2013\qtjambi-examples-4.8.7.jar;C:\Users\Beli\Desktop\Alejandro\qtjambi-community-4.8.7-win64-msvc2013\qtjambi-examples-src.jar;C:\Users\Beli\Desktop\Alejandro\qtjambi-community-4.8.7-win64-msvc2013\qtjambi-native-win64-msvc2013x64-4.8.7.jar;C:\Users\Beli\Desktop\Alejandro\qtjambi-community-4.8.7-win64-msvc2013\qtjambi-src.jar;C:\Users\Beli\Documents\NetBeansProjects\goodFitMultiplataforma\build\classes
Launcher Type: SUN_STANDARD

Environment Variables:
PATH=C:\Program Files (x86)\Common Files\Oracle\Java\javapath;C:\ProgramData\Oracle\Java\javapath;C:\Windows\system32;C:\Windows;C:\Windows\System32\Wbem;C:\Windows\System32\WindowsPowerShell\v1.0\;C:\Windows\System32\OpenSSH\;C:\Users\Beli\AppData\Local\Microsoft\WindowsApps;
USERNAME=Beli
OS=Windows_NT
PROCESSOR_IDENTIFIER=AMD64 Family 21 Model 16 Stepping 1, AuthenticAMD



---------------  S Y S T E M  ---------------

OS: Windows 10.0 , 64 bit Build 18362 (10.0.18362.329)

CPU:total 4 (4 cores per cpu, 1 threads per core) family 21 model 16 stepping 1, cmov, cx8, fxsr, mmx, sse, sse2, sse3, ssse3, sse4.1, sse4.2, popcnt, avx, aes, clmul, mmxext, 3dnowpref, lzcnt, sse4a, tsc, tscinvbit, tscinv, bmi1

Memory: 4k page, physical 3348744k(882696k free), swap 5495164k(1133820k free)

vm_info: Java HotSpot(TM) 64-Bit Server VM (25.111-b14) for windows-amd64 JRE (1.8.0_111-b14), built on Sep 22 2016 19:24:05 by "java_re" with MS VC++ 10.0 (VS2010)

time: Tue Nov 12 17:59:52 2019
elapsed time: 6 seconds (0d 0h 0m 6s)

