#
# A fatal error has been detected by the Java Runtime Environment:
#
#  EXCEPTION_ACCESS_VIOLATION (0xc0000005) at pc=0x0000000050462cbd, pid=8368, tid=0x0000000000001a84
#
# JRE version: Java(TM) SE Runtime Environment (8.0_111-b14) (build 1.8.0_111-b14)
# Java VM: Java HotSpot(TM) 64-Bit Server VM (25.111-b14 mixed mode windows-amd64 compressed oops)
# Problematic frame:
# C  [QtGui4.dll+0x62cbd]
#
# Failed to write core dump. Minidumps are not enabled by default on client versions of Windows
#
# If you would like to submit a bug report, please visit:
#   http://bugreport.java.com/bugreport/crash.jsp
# The crash happened outside the Java Virtual Machine in native code.
# See problematic frame for where to report the bug.
#

---------------  T H R E A D  ---------------

Current thread (0x000000000232d800):  JavaThread "Finalizer" daemon [_thread_in_native, id=6788, stack(0x00000000154d0000,0x00000000155d0000)]

siginfo: ExceptionCode=0xc0000005, reading address 0x0000000000000008

Registers:
RAX=0x0000000000000000, RBX=0x00000000fffffffd, RCX=0x0000000017517960, RDX=0x0000000000000001
RSP=0x00000000155cee30, RBP=0x0000000000000002, RSI=0x0000000017107070, RDI=0x0000000017107070
R8 =0x0000000000000009, R9 =0x000000000000000d, R10=0x0000000000000000, R11=0x00000000155ced30
R12=0x0000000017106df0, R13=0x0000000016554c50, R14=0x0000000000000000, R15=0x0000000000000000
RIP=0x0000000050462cbd, EFLAGS=0x0000000000010202

Top of Stack: (sp=0x00000000155cee30)
0x00000000155cee30:   0000000017517960 00000000fffffffd
0x00000000155cee40:   0000000000000002 00007ff9259269d8
0x00000000155cee50:   0000000000000000 0000000000000002
0x00000000155cee60:   fffffffffffffffe 0000000017106df0
0x00000000155cee70:   0000000000000000 000000005077b1ce
0x00000000155cee80:   0000000017526200 0000000000000001
0x00000000155cee90:   0000000017517960 0000000000000000
0x00000000155ceea0:   0000000000000001 000000005077aa44
0x00000000155ceeb0:   0000000017107070 0000000000000002
0x00000000155ceec0:   0000000017106a80 0000000000000001
0x00000000155ceed0:   fffffffffffffffe 0000000000000001
0x00000000155ceee0:   0000000017107070 00007ff912be29a5
0x00000000155ceef0:   0000000017107070 0000000000000000
0x00000000155cef00:   0000000017525fc0 000000005102e0a8
0x00000000155cef10:   fffffffffffffffe 000000001754a348
0x00000000155cef20:   0000000016554c50 0000000050e8ab73 

Instructions: (pc=0x0000000050462cbd)
0x0000000050462c9d:   44 24 20 00 00 00 00 45 33 c9 45 33 c0 33 d2 48
0x0000000050462cad:   8d 4c 24 60 e8 ba ba fd ff 90 ff 15 bb 9b 58 00
0x0000000050462cbd:   48 8b 48 08 48 81 c1 28 01 00 00 4c 8d 4c 24 60
0x0000000050462ccd:   4c 8b c7 8b d3 e8 f9 8c fe ff 90 48 8d 4c 24 60 


Register to memory mapping:

RAX=0x0000000000000000 is an unknown value
RBX=0x00000000fffffffd is an unallocated location in the heap
RCX=0x0000000017517960 is an unknown value
RDX=0x0000000000000001 is an unknown value
RSP=0x00000000155cee30 is pointing into the stack for thread: 0x000000000232d800
RBP=0x0000000000000002 is an unknown value
RSI=0x0000000017107070 is an unknown value
RDI=0x0000000017107070 is an unknown value
R8 =0x0000000000000009 is an unknown value
R9 =0x000000000000000d is an unknown value
R10=0x0000000000000000 is an unknown value
R11=0x00000000155ced30 is pointing into the stack for thread: 0x000000000232d800
R12=0x0000000017106df0 is an unknown value
R13=0x0000000016554c50 is an unknown value
R14=0x0000000000000000 is an unknown value
R15=0x0000000000000000 is an unknown value


Stack: [0x00000000154d0000,0x00000000155d0000],  sp=0x00000000155cee30,  free space=1019k
Native frames: (J=compiled Java code, j=interpreted, Vv=VM code, C=native code)
C  [QtGui4.dll+0x62cbd]
C  [QtGui4.dll+0x37b1ce]
C  [QtGui4.dll+0x37aa44]
C  [com_trolltech_qt_gui.dll+0x1b29a5]
C  [QtCore4.dll+0x11ab73]
C  [QtGui4.dll+0x580f8]
C  [com_trolltech_qt_gui.dll+0x34c494]
C  [QtCore4.dll+0x11ab73]
C  [QtGui4.dll+0x580f8]
C  [com_trolltech_qt_gui.dll+0xc3ea4]
C  [qtjambi.dll+0x1644a]
C  [qtjambi.dll+0x15d0e]
C  [qtjambi.dll+0x17011]
C  0x0000000002347934

Java frames: (J=compiled Java code, j=interpreted, Vv=VM code)
j  com.trolltech.qt.internal.QtJambiObject.finalize()V+0
J 432 C1 java.lang.ref.Finalizer.runFinalizer(Lsun/misc/JavaLangAccess;)V (62 bytes) @ 0x000000000253358c [0x0000000002533000+0x58c]
J 431 C1 java.lang.ref.Finalizer.access$100(Ljava/lang/ref/Finalizer;Lsun/misc/JavaLangAccess;)V (6 bytes) @ 0x0000000002532c9c [0x0000000002532c40+0x5c]
j  java.lang.ref.Finalizer$FinalizerThread.run()V+45
v  ~StubRoutines::call_stub

---------------  P R O C E S S  ---------------

Java Threads: ( => current thread )
  0x0000000015f06800 JavaThread "Thread-2" daemon [_thread_in_native, id=8624, stack(0x0000000017120000,0x0000000017220000)]
  0x0000000002231000 JavaThread "DestroyJavaVM" [_thread_blocked, id=9916, stack(0x0000000002130000,0x0000000002230000)]
  0x0000000015c1c800 JavaThread "Service Thread" daemon [_thread_blocked, id=7724, stack(0x0000000015ff0000,0x00000000160f0000)]
  0x0000000014289000 JavaThread "C1 CompilerThread2" daemon [_thread_blocked, id=5344, stack(0x0000000015af0000,0x0000000015bf0000)]
  0x0000000014282000 JavaThread "C2 CompilerThread1" daemon [_thread_blocked, id=556, stack(0x00000000159f0000,0x0000000015af0000)]
  0x000000001427d800 JavaThread "C2 CompilerThread0" daemon [_thread_blocked, id=2284, stack(0x00000000158f0000,0x00000000159f0000)]
  0x000000001427c800 JavaThread "Attach Listener" daemon [_thread_blocked, id=9096, stack(0x00000000157f0000,0x00000000158f0000)]
  0x000000001427b800 JavaThread "Signal Dispatcher" daemon [_thread_blocked, id=6224, stack(0x00000000156f0000,0x00000000157f0000)]
=>0x000000000232d800 JavaThread "Finalizer" daemon [_thread_in_native, id=6788, stack(0x00000000154d0000,0x00000000155d0000)]
  0x0000000002322000 JavaThread "Reference Handler" daemon [_thread_blocked, id=304, stack(0x00000000153d0000,0x00000000154d0000)]

Other Threads:
  0x0000000014247000 VMThread [stack: 0x00000000152d0000,0x00000000153d0000] [id=3484]
  0x0000000015c25800 WatcherThread [stack: 0x0000000016260000,0x0000000016360000] [id=5824]

VM state:not at safepoint (normal execution)

VM Mutex/Monitor currently owned by a thread: None

Heap:
 PSYoungGen      total 15360K, used 0K [0x00000000eef80000, 0x00000000f0080000, 0x0000000100000000)
  eden space 13312K, 0% used [0x00000000eef80000,0x00000000eef801d0,0x00000000efc80000)
  from space 2048K, 0% used [0x00000000efe80000,0x00000000efe80000,0x00000000f0080000)
  to   space 2048K, 0% used [0x00000000efc80000,0x00000000efc80000,0x00000000efe80000)
 ParOldGen       total 35840K, used 1828K [0x00000000cce00000, 0x00000000cf100000, 0x00000000eef80000)
  object space 35840K, 5% used [0x00000000cce00000,0x00000000ccfc90d8,0x00000000cf100000)
 Metaspace       used 9477K, capacity 9584K, committed 9856K, reserved 1058816K
  class space    used 1007K, capacity 1043K, committed 1152K, reserved 1048576K

Card table byte_map: [0x00000000116f0000,0x0000000011890000] byte_map_base: 0x0000000011089000

Marking Bits: (ParMarkBitMap*) 0x0000000053aaa6c0
 Begin Bits: [0x0000000011db0000, 0x0000000012a78000)
 End Bits:   [0x0000000012a78000, 0x0000000013740000)

Polling page: 0x0000000000650000

CodeCache: size=245760Kb used=2448Kb max_used=2449Kb free=243311Kb
 bounds [0x0000000002330000, 0x00000000025a0000, 0x0000000011330000]
 total_blobs=895 nmethods=563 adapters=246
 compilation: enabled

Compilation events (10 events):
Event: 3.210 Thread 0x0000000014282000 nmethod 559 0x0000000002591610 code [0x0000000002591780, 0x0000000002591af8]
Event: 3.210 Thread 0x0000000014282000  560       4       java.util.ArrayList$Itr::hasNext (20 bytes)
Event: 3.211 Thread 0x0000000014282000 nmethod 560 0x0000000002591e10 code [0x0000000002591f40, 0x0000000002591fd8]
Event: 3.257 Thread 0x000000001427d800 nmethod 555% 0x0000000002596390 code [0x0000000002596620, 0x00000000025979b0]
Event: 4.342 Thread 0x0000000014289000  561       3       com.trolltech.qt.QtJambiGuiInternal::endPaint (57 bytes)
Event: 4.343 Thread 0x0000000014289000 nmethod 561 0x00000000025908d0 code [0x0000000002590ac0, 0x0000000002591408]
Event: 16.968 Thread 0x0000000014289000  562       3       java.lang.reflect.Field::getFieldAccessor (35 bytes)
Event: 16.968 Thread 0x0000000014289000 nmethod 562 0x0000000002595d50 code [0x0000000002595ec0, 0x0000000002596108]
Event: 16.968 Thread 0x0000000014289000  563       3       sun.reflect.UnsafeFieldAccessorImpl::ensureObj (23 bytes)
Event: 16.969 Thread 0x0000000014289000 nmethod 563 0x0000000002594f10 code [0x00000000025950e0, 0x0000000002595a38]

GC Heap History (10 events):
Event: 1.293 GC heap before
{Heap before GC invocations=1 (full 0):
 PSYoungGen      total 15360K, used 13312K [0x00000000eef80000, 0x00000000f0080000, 0x0000000100000000)
  eden space 13312K, 100% used [0x00000000eef80000,0x00000000efc80000,0x00000000efc80000)
  from space 2048K, 0% used [0x00000000efe80000,0x00000000efe80000,0x00000000f0080000)
  to   space 2048K, 0% used [0x00000000efc80000,0x00000000efc80000,0x00000000efe80000)
 ParOldGen       total 35840K, used 0K [0x00000000cce00000, 0x00000000cf100000, 0x00000000eef80000)
  object space 35840K, 0% used [0x00000000cce00000,0x00000000cce00000,0x00000000cf100000)
 Metaspace       used 8017K, capacity 8144K, committed 8320K, reserved 1056768K
  class space    used 853K, capacity 883K, committed 896K, reserved 1048576K
Event: 1.302 GC heap after
Heap after GC invocations=1 (full 0):
 PSYoungGen      total 15360K, used 2037K [0x00000000eef80000, 0x00000000f0080000, 0x0000000100000000)
  eden space 13312K, 0% used [0x00000000eef80000,0x00000000eef80000,0x00000000efc80000)
  from space 2048K, 99% used [0x00000000efc80000,0x00000000efe7d698,0x00000000efe80000)
  to   space 2048K, 0% used [0x00000000efe80000,0x00000000efe80000,0x00000000f0080000)
 ParOldGen       total 35840K, used 987K [0x00000000cce00000, 0x00000000cf100000, 0x00000000eef80000)
  object space 35840K, 2% used [0x00000000cce00000,0x00000000ccef6ca8,0x00000000cf100000)
 Metaspace       used 8017K, capacity 8144K, committed 8320K, reserved 1056768K
  class space    used 853K, capacity 883K, committed 896K, reserved 1048576K
}
Event: 16.838 GC heap before
{Heap before GC invocations=2 (full 0):
 PSYoungGen      total 15360K, used 15349K [0x00000000eef80000, 0x00000000f0080000, 0x0000000100000000)
  eden space 13312K, 100% used [0x00000000eef80000,0x00000000efc80000,0x00000000efc80000)
  from space 2048K, 99% used [0x00000000efc80000,0x00000000efe7d698,0x00000000efe80000)
  to   space 2048K, 0% used [0x00000000efe80000,0x00000000efe80000,0x00000000f0080000)
 ParOldGen       total 35840K, used 987K [0x00000000cce00000, 0x00000000cf100000, 0x00000000eef80000)
  object space 35840K, 2% used [0x00000000cce00000,0x00000000ccef6ca8,0x00000000cf100000)
 Metaspace       used 9334K, capacity 9456K, committed 9600K, reserved 1058816K
  class space    used 996K, capacity 1043K, committed 1152K, reserved 1048576K
Event: 16.887 GC heap after
Heap after GC invocations=2 (full 0):
 PSYoungGen      total 15360K, used 2041K [0x00000000eef80000, 0x00000000f0080000, 0x0000000100000000)
  eden space 13312K, 0% used [0x00000000eef80000,0x00000000eef80000,0x00000000efc80000)
  from space 2048K, 99% used [0x00000000efe80000,0x00000000f007e520,0x00000000f0080000)
  to   space 2048K, 0% used [0x00000000efc80000,0x00000000efc80000,0x00000000efe80000)
 ParOldGen       total 35840K, used 1569K [0x00000000cce00000, 0x00000000cf100000, 0x00000000eef80000)
  object space 35840K, 4% used [0x00000000cce00000,0x00000000ccf88548,0x00000000cf100000)
 Metaspace       used 9334K, capacity 9456K, committed 9600K, reserved 1058816K
  class space    used 996K, capacity 1043K, committed 1152K, reserved 1048576K
}
Event: 16.887 GC heap before
{Heap before GC invocations=3 (full 1):
 PSYoungGen      total 15360K, used 2041K [0x00000000eef80000, 0x00000000f0080000, 0x0000000100000000)
  eden space 13312K, 0% used [0x00000000eef80000,0x00000000eef80000,0x00000000efc80000)
  from space 2048K, 99% used [0x00000000efe80000,0x00000000f007e520,0x00000000f0080000)
  to   space 2048K, 0% used [0x00000000efc80000,0x00000000efc80000,0x00000000efe80000)
 ParOldGen       total 35840K, used 1569K [0x00000000cce00000, 0x00000000cf100000, 0x00000000eef80000)
  object space 35840K, 4% used [0x00000000cce00000,0x00000000ccf88548,0x00000000cf100000)
 Metaspace       used 9334K, capacity 9456K, committed 9600K, reserved 1058816K
  class space    used 996K, capacity 1043K, committed 1152K, reserved 1048576K
Event: 16.926 GC heap after
Heap after GC invocations=3 (full 1):
 PSYoungGen      total 15360K, used 0K [0x00000000eef80000, 0x00000000f0080000, 0x0000000100000000)
  eden space 13312K, 0% used [0x00000000eef80000,0x00000000eef80000,0x00000000efc80000)
  from space 2048K, 0% used [0x00000000efe80000,0x00000000efe80000,0x00000000f0080000)
  to   space 2048K, 0% used [0x00000000efc80000,0x00000000efc80000,0x00000000efe80000)
 ParOldGen       total 35840K, used 2611K [0x00000000cce00000, 0x00000000cf100000, 0x00000000eef80000)
  object space 35840K, 7% used [0x00000000cce00000,0x00000000cd08cc00,0x00000000cf100000)
 Metaspace       used 9334K, capacity 9456K, committed 9600K, reserved 1058816K
  class space    used 996K, capacity 1043K, committed 1152K, reserved 1048576K
}
Event: 16.972 GC heap before
{Heap before GC invocations=4 (full 1):
 PSYoungGen      total 15360K, used 563K [0x00000000eef80000, 0x00000000f0080000, 0x0000000100000000)
  eden space 13312K, 4% used [0x00000000eef80000,0x00000000ef00ccd8,0x00000000efc80000)
  from space 2048K, 0% used [0x00000000efe80000,0x00000000efe80000,0x00000000f0080000)
  to   space 2048K, 0% used [0x00000000efc80000,0x00000000efc80000,0x00000000efe80000)
 ParOldGen       total 35840K, used 2611K [0x00000000cce00000, 0x00000000cf100000, 0x00000000eef80000)
  object space 35840K, 7% used [0x00000000cce00000,0x00000000cd08cc00,0x00000000cf100000)
 Metaspace       used 9476K, capacity 9584K, committed 9856K, reserved 1058816K
  class space    used 1007K, capacity 1043K, committed 1152K, reserved 1048576K
Event: 16.974 GC heap after
Heap after GC invocations=4 (full 1):
 PSYoungGen      total 15360K, used 182K [0x00000000eef80000, 0x00000000f0080000, 0x0000000100000000)
  eden space 13312K, 0% used [0x00000000eef80000,0x00000000eef80000,0x00000000efc80000)
  from space 2048K, 8% used [0x00000000efc80000,0x00000000efcad810,0x00000000efe80000)
  to   space 2048K, 0% used [0x00000000efe80000,0x00000000efe80000,0x00000000f0080000)
 ParOldGen       total 35840K, used 2611K [0x00000000cce00000, 0x00000000cf100000, 0x00000000eef80000)
  object space 35840K, 7% used [0x00000000cce00000,0x00000000cd08cc00,0x00000000cf100000)
 Metaspace       used 9476K, capacity 9584K, committed 9856K, reserved 1058816K
  class space    used 1007K, capacity 1043K, committed 1152K, reserved 1048576K
}
Event: 16.974 GC heap before
{Heap before GC invocations=5 (full 2):
 PSYoungGen      total 15360K, used 182K [0x00000000eef80000, 0x00000000f0080000, 0x0000000100000000)
  eden space 13312K, 0% used [0x00000000eef80000,0x00000000eef80000,0x00000000efc80000)
  from space 2048K, 8% used [0x00000000efc80000,0x00000000efcad810,0x00000000efe80000)
  to   space 2048K, 0% used [0x00000000efe80000,0x00000000efe80000,0x00000000f0080000)
 ParOldGen       total 35840K, used 2611K [0x00000000cce00000, 0x00000000cf100000, 0x00000000eef80000)
  object space 35840K, 7% used [0x00000000cce00000,0x00000000cd08cc00,0x00000000cf100000)
 Metaspace       used 9476K, capacity 9584K, committed 9856K, reserved 1058816K
  class space    used 1007K, capacity 1043K, committed 1152K, reserved 1048576K
Event: 17.021 GC heap after
Heap after GC invocations=5 (full 2):
 PSYoungGen      total 15360K, used 0K [0x00000000eef80000, 0x00000000f0080000, 0x0000000100000000)
  eden space 13312K, 0% used [0x00000000eef80000,0x00000000eef80000,0x00000000efc80000)
  from space 2048K, 0% used [0x00000000efc80000,0x00000000efc80000,0x00000000efe80000)
  to   space 2048K, 0% used [0x00000000efe80000,0x00000000efe80000,0x00000000f0080000)
 ParOldGen       total 35840K, used 1899K [0x00000000cce00000, 0x00000000cf100000, 0x00000000eef80000)
  object space 35840K, 5% used [0x00000000cce00000,0x00000000ccfdac50,0x00000000cf100000)
 Metaspace       used 9476K, capacity 9584K, committed 9856K, reserved 1058816K
  class space    used 1007K, capacity 1043K, committed 1152K, reserved 1048576K
}

Deoptimization events (4 events):
Event: 1.106 Thread 0x0000000002231000 Uncommon trap: reason=unstable_if action=reinterpret pc=0x00000000024fa25c method=com.trolltech.qt.internal.fileengine.QJarEntryEngine.read(Lcom/trolltech/qt/QNativePointer;J)J @ 42
Event: 1.158 Thread 0x0000000002231000 Uncommon trap: reason=unstable_if action=reinterpret pc=0x00000000024f8934 method=com.trolltech.qt.QNativePointer.verifyAccess(Lcom/trolltech/qt/QNativePointer$Type;I)V @ 60
Event: 1.158 Thread 0x0000000002231000 Uncommon trap: reason=unstable_if action=reinterpret pc=0x00000000024fd39c method=com.trolltech.qt.QNativePointer.verifyAccess(Lcom/trolltech/qt/QNativePointer$Type;I)V @ 60
Event: 3.003 Thread 0x0000000002231000 Uncommon trap: reason=range_check action=make_not_entrant pc=0x000000000252a2e0 method=sun.reflect.generics.parser.SignatureParser.current()C @ 34

Internal exceptions (10 events):
Event: 3.168 Thread 0x0000000002231000 Exception <a 'java/lang/NoSuchFieldError': columnsAboutToBeInserted> (0x00000000ef9fbb18) thrown at [C:\re\workspace\8-2-build-windows-amd64-cygwin\jdk8u111\7883\hotspot\src\share\vm\prims\jni.cpp, line 2599]
Event: 3.168 Thread 0x0000000002231000 Exception <a 'java/lang/NoSuchFieldError': columnsAboutToBeRemoved> (0x00000000ef9fbd78) thrown at [C:\re\workspace\8-2-build-windows-amd64-cygwin\jdk8u111\7883\hotspot\src\share\vm\prims\jni.cpp, line 2599]
Event: 3.168 Thread 0x0000000002231000 Exception <a 'java/lang/NoSuchFieldError': columnsInserted> (0x00000000ef9fbfc8) thrown at [C:\re\workspace\8-2-build-windows-amd64-cygwin\jdk8u111\7883\hotspot\src\share\vm\prims\jni.cpp, line 2599]
Event: 3.168 Thread 0x0000000002231000 Exception <a 'java/lang/NoSuchFieldError': columnsRemoved> (0x00000000ef9fc218) thrown at [C:\re\workspace\8-2-build-windows-amd64-cygwin\jdk8u111\7883\hotspot\src\share\vm\prims\jni.cpp, line 2599]
Event: 3.168 Thread 0x0000000002231000 Exception <a 'java/lang/NoSuchFieldError': modelAboutToBeReset> (0x00000000ef9fc470) thrown at [C:\re\workspace\8-2-build-windows-amd64-cygwin\jdk8u111\7883\hotspot\src\share\vm\prims\jni.cpp, line 2599]
Event: 3.168 Thread 0x0000000002231000 Exception <a 'java/lang/NoSuchFieldError': modelReset> (0x00000000ef9fc6b8) thrown at [C:\re\workspace\8-2-build-windows-amd64-cygwin\jdk8u111\7883\hotspot\src\share\vm\prims\jni.cpp, line 2599]
Event: 3.168 Thread 0x0000000002231000 Exception <a 'java/lang/NoSuchFieldError': rowsAboutToBeInserted> (0x00000000ef9fc918) thrown at [C:\re\workspace\8-2-build-windows-amd64-cygwin\jdk8u111\7883\hotspot\src\share\vm\prims\jni.cpp, line 2599]
Event: 3.168 Thread 0x0000000002231000 Exception <a 'java/lang/NoSuchFieldError': rowsAboutToBeRemoved> (0x00000000ef9fcb70) thrown at [C:\re\workspace\8-2-build-windows-amd64-cygwin\jdk8u111\7883\hotspot\src\share\vm\prims\jni.cpp, line 2599]
Event: 3.169 Thread 0x0000000002231000 Exception <a 'java/lang/NoSuchFieldError': rowsInserted> (0x00000000ef9fcdb8) thrown at [C:\re\workspace\8-2-build-windows-amd64-cygwin\jdk8u111\7883\hotspot\src\share\vm\prims\jni.cpp, line 2599]
Event: 3.169 Thread 0x0000000002231000 Exception <a 'java/lang/NoSuchFieldError': rowsRemoved> (0x00000000ef9fd000) thrown at [C:\re\workspace\8-2-build-windows-amd64-cygwin\jdk8u111\7883\hotspot\src\share\vm\prims\jni.cpp, line 2599]

Events (10 events):
Event: 16.958 loading class sun/reflect/UnsafeStaticObjectFieldAccessorImpl done
Event: 16.958 loading class com/trolltech/qt/gui/QColor
Event: 16.958 loading class com/trolltech/qt/gui/QColor done
Event: 16.966 loading class com/trolltech/qt/core/Qt$GlobalColor
Event: 16.966 loading class com/trolltech/qt/core/Qt$GlobalColor done
Event: 16.968 loading class com/trolltech/qt/gui/QBrush
Event: 16.968 loading class com/trolltech/qt/gui/QBrush done
Event: 16.972 Executing VM operation: ParallelGCSystemGC
Event: 17.021 Executing VM operation: ParallelGCSystemGC done
Event: 17.022 Thread 0x0000000015f06800 Thread added: 0x0000000015f06800


Dynamic libraries:
0x00007ff736b00000 - 0x00007ff736b37000 	C:\Program Files\Java\jdk1.8.0_111\bin\java.exe
0x00007ff968e60000 - 0x00007ff969050000 	C:\Windows\SYSTEM32\ntdll.dll
0x00007ff92d040000 - 0x00007ff92d054000 	C:\Program Files\AVG\Antivirus\aswhook.dll
0x00007ff9674e0000 - 0x00007ff967592000 	C:\Windows\System32\KERNEL32.DLL
0x00007ff966c60000 - 0x00007ff966f03000 	C:\Windows\System32\KERNELBASE.dll
0x00007ff968820000 - 0x00007ff9688c3000 	C:\Windows\System32\ADVAPI32.dll
0x00007ff967980000 - 0x00007ff967a1e000 	C:\Windows\System32\msvcrt.dll
0x00007ff967be0000 - 0x00007ff967c77000 	C:\Windows\System32\sechost.dll
0x00007ff967860000 - 0x00007ff967980000 	C:\Windows\System32\RPCRT4.dll
0x00007ff967a20000 - 0x00007ff967bb4000 	C:\Windows\System32\USER32.dll
0x00007ff9668f0000 - 0x00007ff966911000 	C:\Windows\System32\win32u.dll
0x00007ff967450000 - 0x00007ff967476000 	C:\Windows\System32\GDI32.dll
0x00007ff9666b0000 - 0x00007ff966844000 	C:\Windows\System32\gdi32full.dll
0x00007ff966850000 - 0x00007ff9668ee000 	C:\Windows\System32\msvcp_win.dll
0x00007ff966b10000 - 0x00007ff966c0a000 	C:\Windows\System32\ucrtbase.dll
0x00007ff958b00000 - 0x00007ff958d85000 	C:\Windows\WinSxS\amd64_microsoft.windows.common-controls_6595b64144ccf1df_6.0.18362.418_none_e6c6b287130d565d\COMCTL32.dll
0x00007ff968930000 - 0x00007ff968c66000 	C:\Windows\System32\combase.dll
0x00007ff966920000 - 0x00007ff9669a0000 	C:\Windows\System32\bcryptPrimitives.dll
0x00007ff967c80000 - 0x00007ff967cae000 	C:\Windows\System32\IMM32.DLL
0x00000000531b0000 - 0x0000000053282000 	C:\Program Files\Java\jdk1.8.0_111\jre\bin\msvcr100.dll
0x0000000053290000 - 0x0000000053b2a000 	C:\Program Files\Java\jdk1.8.0_111\jre\bin\server\jvm.dll
0x00007ff967f00000 - 0x00007ff967f08000 	C:\Windows\System32\PSAPI.DLL
0x00007ff958810000 - 0x00007ff958819000 	C:\Windows\SYSTEM32\WSOCK32.dll
0x00007ff967dc0000 - 0x00007ff967e2f000 	C:\Windows\System32\WS2_32.dll
0x00007ff9639e0000 - 0x00007ff963a04000 	C:\Windows\SYSTEM32\WINMM.dll
0x00007ff960260000 - 0x00007ff96026a000 	C:\Windows\SYSTEM32\VERSION.dll
0x00007ff9639b0000 - 0x00007ff9639dd000 	C:\Windows\SYSTEM32\WINMMBASE.dll
0x00007ff966c10000 - 0x00007ff966c5a000 	C:\Windows\System32\cfgmgr32.dll
0x0000000053160000 - 0x000000005316f000 	C:\Program Files\Java\jdk1.8.0_111\jre\bin\verify.dll
0x0000000053130000 - 0x0000000053159000 	C:\Program Files\Java\jdk1.8.0_111\jre\bin\java.dll
0x0000000053110000 - 0x0000000053126000 	C:\Program Files\Java\jdk1.8.0_111\jre\bin\zip.dll
0x00007ff967f10000 - 0x00007ff9685f5000 	C:\Windows\System32\SHELL32.dll
0x00007ff9677b0000 - 0x00007ff967859000 	C:\Windows\System32\shcore.dll
0x00007ff965df0000 - 0x00007ff96656f000 	C:\Windows\System32\windows.storage.dll
0x00007ff965db0000 - 0x00007ff965dcf000 	C:\Windows\System32\profapi.dll
0x00007ff965d60000 - 0x00007ff965daa000 	C:\Windows\System32\powrprof.dll
0x00007ff965d30000 - 0x00007ff965d40000 	C:\Windows\System32\UMPDC.dll
0x00007ff967ea0000 - 0x00007ff967ef2000 	C:\Windows\System32\shlwapi.dll
0x00007ff965dd0000 - 0x00007ff965de1000 	C:\Windows\System32\kernel.appcore.dll
0x00007ff9669a0000 - 0x00007ff9669b7000 	C:\Windows\System32\cryptsp.dll
0x0000000050d70000 - 0x000000005104e000 	C:\Users\Beli\AppData\Local\Temp\QtJambi_Beli_amd64_4.8.7_msvc2013x64-20150908-1314\lib\QtCore4.dll
0x00007ff9675a0000 - 0x00007ff9676f6000 	C:\Windows\System32\ole32.dll
0x00007ff953770000 - 0x00007ff953816000 	C:\Program Files\Java\jdk1.8.0_111\jre\bin\MSVCP120.dll
0x00007ff9258c0000 - 0x00007ff9259af000 	C:\Program Files\Java\jdk1.8.0_111\jre\bin\MSVCR120.dll
0x00007ff953730000 - 0x00007ff953770000 	C:\Users\Beli\AppData\Local\Temp\QtJambi_Beli_amd64_4.8.7_msvc2013x64-20150908-1314\lib\qtjambi.dll
0x00007ff924250000 - 0x00007ff92437f000 	C:\Users\Beli\AppData\Local\Temp\QtJambi_Beli_amd64_4.8.7_msvc2013x64-20150908-1314\lib\com_trolltech_qt_core.dll
0x0000000050400000 - 0x0000000050d6e000 	C:\Users\Beli\AppData\Local\Temp\QtJambi_Beli_amd64_4.8.7_msvc2013x64-20150908-1314\lib\QtGui4.dll
0x00007ff968600000 - 0x00007ff9686d0000 	C:\Windows\System32\COMDLG32.dll
0x00007ff967380000 - 0x00007ff967444000 	C:\Windows\System32\OLEAUT32.dll
0x00007ff958d90000 - 0x00007ff958e19000 	C:\Windows\SYSTEM32\WINSPOOL.DRV
0x00007ff966570000 - 0x00007ff966596000 	C:\Windows\System32\bcrypt.dll
0x00007ff9626f0000 - 0x00007ff9627df000 	C:\Windows\SYSTEM32\PROPSYS.dll
0x00007ff9652b0000 - 0x00007ff9652ea000 	C:\Windows\SYSTEM32\IPHLPAPI.DLL
0x00007ff912a30000 - 0x00007ff91315f000 	C:\Users\Beli\AppData\Local\Temp\QtJambi_Beli_amd64_4.8.7_msvc2013x64-20150908-1314\lib\com_trolltech_qt_gui.dll
0x00007ff9640b0000 - 0x00007ff964149000 	C:\Windows\system32\uxtheme.dll
0x00007ff9686e0000 - 0x00007ff968816000 	C:\Windows\System32\MSCTF.dll
0x00007ff9615b0000 - 0x00007ff9615bd000 	C:\Users\Beli\AppData\Local\Temp\QtJambi_Beli_amd64_4.8.7_msvc2013x64-20150908-1314\plugins\imageformats\qgif4.dll
0x00007ff961520000 - 0x00007ff96152e000 	C:\Users\Beli\AppData\Local\Temp\QtJambi_Beli_amd64_4.8.7_msvc2013x64-20150908-1314\plugins\imageformats\qico4.dll
0x00007ff94f300000 - 0x00007ff94f33d000 	C:\Users\Beli\AppData\Local\Temp\QtJambi_Beli_amd64_4.8.7_msvc2013x64-20150908-1314\plugins\imageformats\qjpeg4.dll
0x00007ff948730000 - 0x00007ff948779000 	C:\Users\Beli\AppData\Local\Temp\QtJambi_Beli_amd64_4.8.7_msvc2013x64-20150908-1314\plugins\imageformats\qmng4.dll
0x00007ff9486d0000 - 0x00007ff94872b000 	C:\Users\Beli\AppData\Local\Temp\QtJambi_Beli_amd64_4.8.7_msvc2013x64-20150908-1314\plugins\imageformats\qtiff4.dll
0x00007ff95ba60000 - 0x00007ff95bafe000 	C:\Windows\System32\TextInputFramework.dll
0x00007ff9609b0000 - 0x00007ff960cda000 	C:\Windows\System32\CoreUIComponents.dll
0x00007ff963dc0000 - 0x00007ff963e94000 	C:\Windows\System32\CoreMessaging.dll
0x00007ff964d90000 - 0x00007ff964dc1000 	C:\Windows\SYSTEM32\ntmarta.dll
0x00007ff961960000 - 0x00007ff961ab3000 	C:\Windows\SYSTEM32\wintypes.dll
0x00007ff95a4c0000 - 0x00007ff95a766000 	C:\Windows\System32\iertutil.dll
0x00007ff92fa40000 - 0x00007ff92fae9000 	C:\Windows\WinSxS\amd64_microsoft.windows.common-controls_6595b64144ccf1df_5.82.18362.418_none_2a23d356466d526c\comctl32.dll
0x00007ff967700000 - 0x00007ff9677a2000 	C:\Windows\System32\clbcatq.dll
0x00007ff9649a0000 - 0x00007ff9649c0000 	C:\Windows\SYSTEM32\dxcore.dll
0x00007ff95f4d0000 - 0x00007ff95f6c4000 	C:\Windows\SYSTEM32\dbghelp.dll

VM Arguments:
jvm_args: -Dfile.encoding=UTF-8 
java_command: goodfitmultiplataforma.GoodFitMultiplataforma
java_class_path (initial): C:\Users\Beli\Desktop\Alejandro\qtjambi-community-4.8.7-win64-msvc2013\qtjambi-4.8.7.jar;C:\Users\Beli\Desktop\Alejandro\qtjambi-community-4.8.7-win64-msvc2013\qtjambi-designer-4.8.7.jar;C:\Users\Beli\Desktop\Alejandro\qtjambi-community-4.8.7-win64-msvc2013\qtjambi-examples-4.8.7.jar;C:\Users\Beli\Desktop\Alejandro\qtjambi-community-4.8.7-win64-msvc2013\qtjambi-examples-src.jar;C:\Users\Beli\Desktop\Alejandro\qtjambi-community-4.8.7-win64-msvc2013\qtjambi-native-win64-msvc2013x64-4.8.7.jar;C:\Users\Beli\Desktop\Alejandro\qtjambi-community-4.8.7-win64-msvc2013\qtjambi-src.jar;C:\Users\Beli\Desktop\Alejandro\Nueva carpeta\recursos.jar;C:\Users\Beli\Documents\NetBeansProjects\goodFitMultiplataforma\build\classes
Launcher Type: SUN_STANDARD

Environment Variables:
PATH=C:\Program Files (x86)\Common Files\Oracle\Java\javapath;C:\ProgramData\Oracle\Java\javapath;C:\Windows\system32;C:\Windows;C:\Windows\System32\Wbem;C:\Windows\System32\WindowsPowerShell\v1.0\;C:\Windows\System32\OpenSSH\;C:\Program Files\Java\jdk1.8.0_111\bin;C:\Users\Beli\AppData\Local\Microsoft\WindowsApps;
USERNAME=Beli
OS=Windows_NT
PROCESSOR_IDENTIFIER=AMD64 Family 21 Model 16 Stepping 1, AuthenticAMD



---------------  S Y S T E M  ---------------

OS: Windows 10.0 , 64 bit Build 18362 (10.0.18362.329)

CPU:total 4 (4 cores per cpu, 1 threads per core) family 21 model 16 stepping 1, cmov, cx8, fxsr, mmx, sse, sse2, sse3, ssse3, sse4.1, sse4.2, popcnt, avx, aes, clmul, mmxext, 3dnowpref, lzcnt, sse4a, tsc, tscinvbit, tscinv, bmi1

Memory: 4k page, physical 3348744k(311836k free), swap 5434756k(1358492k free)

vm_info: Java HotSpot(TM) 64-Bit Server VM (25.111-b14) for windows-amd64 JRE (1.8.0_111-b14), built on Sep 22 2016 19:24:05 by "java_re" with MS VC++ 10.0 (VS2010)

time: Wed Nov 13 00:50:27 2019
elapsed time: 17 seconds (0d 0h 0m 17s)

