#
# A fatal error has been detected by the Java Runtime Environment:
#
#  EXCEPTION_ACCESS_VIOLATION (0xc0000005) at pc=0x0000000050462cbd, pid=812, tid=0x0000000000002428
#
# JRE version: Java(TM) SE Runtime Environment (8.0_111-b14) (build 1.8.0_111-b14)
# Java VM: Java HotSpot(TM) 64-Bit Server VM (25.111-b14 mixed mode windows-amd64 compressed oops)
# Problematic frame:
# C  [QtGui4.dll+0x62cbd]
#
# Failed to write core dump. Minidumps are not enabled by default on client versions of Windows
#
# If you would like to submit a bug report, please visit:
#   http://bugreport.java.com/bugreport/crash.jsp
# The crash happened outside the Java Virtual Machine in native code.
# See problematic frame for where to report the bug.
#

---------------  T H R E A D  ---------------

Current thread (0x0000000014658800):  JavaThread "Finalizer" daemon [_thread_in_native, id=9256, stack(0x00000000158f0000,0x00000000159f0000)]

siginfo: ExceptionCode=0xc0000005, reading address 0x0000000000000008

Registers:
RAX=0x0000000000000000, RBX=0x00000000fffffffd, RCX=0x0000000018738af0, RDX=0x0000000000000001
RSP=0x00000000159ef070, RBP=0x0000000000000002, RSI=0x000000001751fb30, RDI=0x000000001751fb30
R8 =0x0000000000000083, R9 =0x0000000000000040, R10=0x0000000000000080, R11=0x00000000159eef70
R12=0x000000001751f6d0, R13=0x000000001696f0c0, R14=0x0000000000000000, R15=0x0000000000000000
RIP=0x0000000050462cbd, EFLAGS=0x0000000000010206

Top of Stack: (sp=0x00000000159ef070)
0x00000000159ef070:   0000000018738af0 00000000fffffffd
0x00000000159ef080:   0000000000000002 00007ff93d2969d8
0x00000000159ef090:   0000000000000000 0000000000000002
0x00000000159ef0a0:   fffffffffffffffe 000000001751f6d0
0x00000000159ef0b0:   0000000000000000 000000005077b1ce
0x00000000159ef0c0:   000000001870c100 0000000000000001
0x00000000159ef0d0:   0000000018738af0 0000000000000000
0x00000000159ef0e0:   0000000000000001 000000005077aa44
0x00000000159ef0f0:   000000001751fb30 0000000000000002
0x00000000159ef100:   000000001751f950 0000000000000001
0x00000000159ef110:   fffffffffffffffe 0000000000000001
0x00000000159ef120:   000000001751fb30 00007ff9128529a5
0x00000000159ef130:   000000001751fb30 0000000000000000
0x00000000159ef140:   000000001870bec0 000000005102e0a8
0x00000000159ef150:   fffffffffffffffe 0000000018734c48
0x00000000159ef160:   000000001696f0c0 0000000050e8ab73 

Instructions: (pc=0x0000000050462cbd)
0x0000000050462c9d:   44 24 20 00 00 00 00 45 33 c9 45 33 c0 33 d2 48
0x0000000050462cad:   8d 4c 24 60 e8 ba ba fd ff 90 ff 15 bb 9b 58 00
0x0000000050462cbd:   48 8b 48 08 48 81 c1 28 01 00 00 4c 8d 4c 24 60
0x0000000050462ccd:   4c 8b c7 8b d3 e8 f9 8c fe ff 90 48 8d 4c 24 60 


Register to memory mapping:

RAX=0x0000000000000000 is an unknown value
RBX=0x00000000fffffffd is an unallocated location in the heap
RCX=0x0000000018738af0 is an unknown value
RDX=0x0000000000000001 is an unknown value
RSP=0x00000000159ef070 is pointing into the stack for thread: 0x0000000014658800
RBP=0x0000000000000002 is an unknown value
RSI=0x000000001751fb30 is an unknown value
RDI=0x000000001751fb30 is an unknown value
R8 =0x0000000000000083 is an unknown value
R9 =0x0000000000000040 is an unknown value
R10=0x0000000000000080 is an unknown value
R11=0x00000000159eef70 is pointing into the stack for thread: 0x0000000014658800
R12=0x000000001751f6d0 is an unknown value
R13=0x000000001696f0c0 is an unknown value
R14=0x0000000000000000 is an unknown value
R15=0x0000000000000000 is an unknown value


Stack: [0x00000000158f0000,0x00000000159f0000],  sp=0x00000000159ef070,  free space=1020k
Native frames: (J=compiled Java code, j=interpreted, Vv=VM code, C=native code)
C  [QtGui4.dll+0x62cbd]
C  [QtGui4.dll+0x37b1ce]
C  [QtGui4.dll+0x37aa44]
C  [com_trolltech_qt_gui.dll+0x1b29a5]
C  [QtCore4.dll+0x11ab73]
C  [QtGui4.dll+0x580f8]
C  [com_trolltech_qt_gui.dll+0x34c494]
C  [QtCore4.dll+0x11ab73]
C  [QtGui4.dll+0x580f8]
C  [com_trolltech_qt_gui.dll+0xc3ea4]
C  [qtjambi.dll+0x1644a]
C  [qtjambi.dll+0x15d0e]
C  [qtjambi.dll+0x17011]
C  0x0000000002737934

Java frames: (J=compiled Java code, j=interpreted, Vv=VM code)
j  com.trolltech.qt.internal.QtJambiObject.finalize()V+0
J 432 C1 java.lang.ref.Finalizer.runFinalizer(Lsun/misc/JavaLangAccess;)V (62 bytes) @ 0x000000000291f80c [0x000000000291f280+0x58c]
J 431 C1 java.lang.ref.Finalizer.access$100(Ljava/lang/ref/Finalizer;Lsun/misc/JavaLangAccess;)V (6 bytes) @ 0x000000000291ef1c [0x000000000291eec0+0x5c]
j  java.lang.ref.Finalizer$FinalizerThread.run()V+45
v  ~StubRoutines::call_stub

---------------  P R O C E S S  ---------------

Java Threads: ( => current thread )
  0x0000000016049800 JavaThread "Service Thread" daemon [_thread_blocked, id=8260, stack(0x0000000016410000,0x0000000016510000)]
  0x000000001469a800 JavaThread "C1 CompilerThread2" daemon [_thread_blocked, id=3920, stack(0x0000000015f10000,0x0000000016010000)]
  0x0000000014677800 JavaThread "C2 CompilerThread1" daemon [_thread_blocked, id=572, stack(0x0000000015e10000,0x0000000015f10000)]
  0x000000001466d000 JavaThread "C2 CompilerThread0" daemon [_thread_blocked, id=9088, stack(0x0000000015d10000,0x0000000015e10000)]
  0x000000001466b800 JavaThread "Attach Listener" daemon [_thread_blocked, id=8412, stack(0x0000000015c10000,0x0000000015d10000)]
  0x000000001466a800 JavaThread "Signal Dispatcher" daemon [_thread_blocked, id=112, stack(0x0000000015b10000,0x0000000015c10000)]
=>0x0000000014658800 JavaThread "Finalizer" daemon [_thread_in_native, id=9256, stack(0x00000000158f0000,0x00000000159f0000)]
  0x0000000002711000 JavaThread "Reference Handler" daemon [_thread_blocked, id=8516, stack(0x00000000157f0000,0x00000000158f0000)]

Other Threads:
  0x0000000014636800 VMThread [stack: 0x00000000156f0000,0x00000000157f0000] [id=8772]

VM state:at safepoint (normal execution)

VM Mutex/Monitor currently owned by a thread:  ([mutex/lock_event])
[0x0000000000bec370] Threads_lock - owner thread: 0x0000000014636800
[0x0000000000becaf0] Heap_lock - owner thread: 0x0000000002621000

Heap:
 PSYoungGen      total 15360K, used 0K [0x00000000eef80000, 0x00000000f0080000, 0x0000000100000000)
  eden space 13312K, 0% used [0x00000000eef80000,0x00000000eef801d0,0x00000000efc80000)
  from space 2048K, 0% used [0x00000000efe80000,0x00000000efe80000,0x00000000f0080000)
  to   space 2048K, 0% used [0x00000000efc80000,0x00000000efc80000,0x00000000efe80000)
 ParOldGen       total 35840K, used 1827K [0x00000000cce00000, 0x00000000cf100000, 0x00000000eef80000)
  object space 35840K, 5% used [0x00000000cce00000,0x00000000ccfc8f60,0x00000000cf100000)
 Metaspace       used 9473K, capacity 9520K, committed 9856K, reserved 1058816K
  class space    used 1007K, capacity 1043K, committed 1152K, reserved 1048576K

Card table byte_map: [0x0000000011ae0000,0x0000000011c80000] byte_map_base: 0x0000000011479000

Marking Bits: (ParMarkBitMap*) 0x0000000053aaa6c0
 Begin Bits: [0x00000000121a0000, 0x0000000012e68000)
 End Bits:   [0x0000000012e68000, 0x0000000013b30000)

Polling page: 0x0000000000bd0000

CodeCache: size=245760Kb used=2429Kb max_used=2430Kb free=243330Kb
 bounds [0x0000000002720000, 0x0000000002990000, 0x0000000011720000]
 total_blobs=897 nmethods=565 adapters=246
 compilation: enabled

Compilation events (10 events):
Event: 11.917 Thread 0x000000001466d000 nmethod 561 0x000000000297c510 code [0x000000000297c680, 0x000000000297c9f8]
Event: 11.917 Thread 0x000000001466d000  562       4       java.util.ArrayList$Itr::hasNext (20 bytes)
Event: 11.918 Thread 0x000000001466d000 nmethod 562 0x000000000297cd10 code [0x000000000297ce40, 0x000000000297ced8]
Event: 11.958 Thread 0x0000000014677800 nmethod 557% 0x0000000002981290 code [0x0000000002981520, 0x00000000029828b0]
Event: 14.558 Thread 0x000000001469a800  563       3       com.trolltech.qt.QtJambiGuiInternal::endPaint (57 bytes)
Event: 14.559 Thread 0x000000001469a800 nmethod 563 0x000000000297b7d0 code [0x000000000297b9c0, 0x000000000297c308]
Event: 19.934 Thread 0x000000001469a800  565       3       java.lang.reflect.Field::getFieldAccessor (35 bytes)
Event: 19.934 Thread 0x000000001469a800 nmethod 565 0x0000000002980a50 code [0x0000000002980bc0, 0x0000000002980e08]
Event: 19.934 Thread 0x000000001469a800  564       3       sun.reflect.UnsafeFieldAccessorImpl::ensureObj (23 bytes)
Event: 19.935 Thread 0x000000001469a800 nmethod 564 0x000000000297fc10 code [0x000000000297fde0, 0x0000000002980738]

GC Heap History (10 events):
Event: 19.705 GC heap before
{Heap before GC invocations=3 (full 1):
 PSYoungGen      total 15360K, used 2021K [0x00000000eef80000, 0x00000000f0080000, 0x0000000100000000)
  eden space 13312K, 0% used [0x00000000eef80000,0x00000000eef80000,0x00000000efc80000)
  from space 2048K, 98% used [0x00000000efe80000,0x00000000f00797a8,0x00000000f0080000)
  to   space 2048K, 0% used [0x00000000efc80000,0x00000000efc80000,0x00000000efe80000)
 ParOldGen       total 35840K, used 1630K [0x00000000cce00000, 0x00000000cf100000, 0x00000000eef80000)
  object space 35840K, 4% used [0x00000000cce00000,0x00000000ccf979a0,0x00000000cf100000)
 Metaspace       used 9331K, capacity 9456K, committed 9600K, reserved 1058816K
  class space    used 996K, capacity 1043K, committed 1152K, reserved 1048576K
Event: 19.742 GC heap after
Heap after GC invocations=3 (full 1):
 PSYoungGen      total 15360K, used 0K [0x00000000eef80000, 0x00000000f0080000, 0x0000000100000000)
  eden space 13312K, 0% used [0x00000000eef80000,0x00000000eef80000,0x00000000efc80000)
  from space 2048K, 0% used [0x00000000efe80000,0x00000000efe80000,0x00000000f0080000)
  to   space 2048K, 0% used [0x00000000efc80000,0x00000000efc80000,0x00000000efe80000)
 ParOldGen       total 35840K, used 2611K [0x00000000cce00000, 0x00000000cf100000, 0x00000000eef80000)
  object space 35840K, 7% used [0x00000000cce00000,0x00000000cd08cc70,0x00000000cf100000)
 Metaspace       used 9331K, capacity 9456K, committed 9600K, reserved 1058816K
  class space    used 996K, capacity 1043K, committed 1152K, reserved 1048576K
}
Event: 19.942 GC heap before
{Heap before GC invocations=4 (full 1):
 PSYoungGen      total 15360K, used 563K [0x00000000eef80000, 0x00000000f0080000, 0x0000000100000000)
  eden space 13312K, 4% used [0x00000000eef80000,0x00000000ef00cc60,0x00000000efc80000)
  from space 2048K, 0% used [0x00000000efe80000,0x00000000efe80000,0x00000000f0080000)
  to   space 2048K, 0% used [0x00000000efc80000,0x00000000efc80000,0x00000000efe80000)
 ParOldGen       total 35840K, used 2611K [0x00000000cce00000, 0x00000000cf100000, 0x00000000eef80000)
  object space 35840K, 7% used [0x00000000cce00000,0x00000000cd08cc70,0x00000000cf100000)
 Metaspace       used 9472K, capacity 9520K, committed 9856K, reserved 1058816K
  class space    used 1007K, capacity 1043K, committed 1152K, reserved 1048576K
Event: 19.943 GC heap after
Heap after GC invocations=4 (full 1):
 PSYoungGen      total 15360K, used 182K [0x00000000eef80000, 0x00000000f0080000, 0x0000000100000000)
  eden space 13312K, 0% used [0x00000000eef80000,0x00000000eef80000,0x00000000efc80000)
  from space 2048K, 8% used [0x00000000efc80000,0x00000000efcad810,0x00000000efe80000)
  to   space 2048K, 0% used [0x00000000efe80000,0x00000000efe80000,0x00000000f0080000)
 ParOldGen       total 35840K, used 2611K [0x00000000cce00000, 0x00000000cf100000, 0x00000000eef80000)
  object space 35840K, 7% used [0x00000000cce00000,0x00000000cd08cc70,0x00000000cf100000)
 Metaspace       used 9472K, capacity 9520K, committed 9856K, reserved 1058816K
  class space    used 1007K, capacity 1043K, committed 1152K, reserved 1048576K
}
Event: 19.943 GC heap before
{Heap before GC invocations=5 (full 2):
 PSYoungGen      total 15360K, used 182K [0x00000000eef80000, 0x00000000f0080000, 0x0000000100000000)
  eden space 13312K, 0% used [0x00000000eef80000,0x00000000eef80000,0x00000000efc80000)
  from space 2048K, 8% used [0x00000000efc80000,0x00000000efcad810,0x00000000efe80000)
  to   space 2048K, 0% used [0x00000000efe80000,0x00000000efe80000,0x00000000f0080000)
 ParOldGen       total 35840K, used 2611K [0x00000000cce00000, 0x00000000cf100000, 0x00000000eef80000)
  object space 35840K, 7% used [0x00000000cce00000,0x00000000cd08cc70,0x00000000cf100000)
 Metaspace       used 9472K, capacity 9520K, committed 9856K, reserved 1058816K
  class space    used 1007K, capacity 1043K, committed 1152K, reserved 1048576K
Event: 19.988 GC heap after
Heap after GC invocations=5 (full 2):
 PSYoungGen      total 15360K, used 0K [0x00000000eef80000, 0x00000000f0080000, 0x0000000100000000)
  eden space 13312K, 0% used [0x00000000eef80000,0x00000000eef80000,0x00000000efc80000)
  from space 2048K, 0% used [0x00000000efc80000,0x00000000efc80000,0x00000000efe80000)
  to   space 2048K, 0% used [0x00000000efe80000,0x00000000efe80000,0x00000000f0080000)
 ParOldGen       total 35840K, used 1899K [0x00000000cce00000, 0x00000000cf100000, 0x00000000eef80000)
  object space 35840K, 5% used [0x00000000cce00000,0x00000000ccfdacc0,0x00000000cf100000)
 Metaspace       used 9472K, capacity 9520K, committed 9856K, reserved 1058816K
  class space    used 1007K, capacity 1043K, committed 1152K, reserved 1048576K
}
Event: 20.028 GC heap before
{Heap before GC invocations=6 (full 2):
 PSYoungGen      total 15360K, used 222K [0x00000000eef80000, 0x00000000f0080000, 0x0000000100000000)
  eden space 13312K, 1% used [0x00000000eef80000,0x00000000eefb7970,0x00000000efc80000)
  from space 2048K, 0% used [0x00000000efc80000,0x00000000efc80000,0x00000000efe80000)
  to   space 2048K, 0% used [0x00000000efe80000,0x00000000efe80000,0x00000000f0080000)
 ParOldGen       total 35840K, used 1899K [0x00000000cce00000, 0x00000000cf100000, 0x00000000eef80000)
  object space 35840K, 5% used [0x00000000cce00000,0x00000000ccfdacc0,0x00000000cf100000)
 Metaspace       used 9473K, capacity 9520K, committed 9856K, reserved 1058816K
  class space    used 1007K, capacity 1043K, committed 1152K, reserved 1048576K
Event: 20.029 GC heap after
Heap after GC invocations=6 (full 2):
 PSYoungGen      total 15360K, used 64K [0x00000000eef80000, 0x00000000f0080000, 0x0000000100000000)
  eden space 13312K, 0% used [0x00000000eef80000,0x00000000eef80000,0x00000000efc80000)
  from space 2048K, 3% used [0x00000000efe80000,0x00000000efe90000,0x00000000f0080000)
  to   space 2048K, 0% used [0x00000000efc80000,0x00000000efc80000,0x00000000efe80000)
 ParOldGen       total 35840K, used 1899K [0x00000000cce00000, 0x00000000cf100000, 0x00000000eef80000)
  object space 35840K, 5% used [0x00000000cce00000,0x00000000ccfdacc0,0x00000000cf100000)
 Metaspace       used 9473K, capacity 9520K, committed 9856K, reserved 1058816K
  class space    used 1007K, capacity 1043K, committed 1152K, reserved 1048576K
}
Event: 20.029 GC heap before
{Heap before GC invocations=7 (full 3):
 PSYoungGen      total 15360K, used 64K [0x00000000eef80000, 0x00000000f0080000, 0x0000000100000000)
  eden space 13312K, 0% used [0x00000000eef80000,0x00000000eef80000,0x00000000efc80000)
  from space 2048K, 3% used [0x00000000efe80000,0x00000000efe90000,0x00000000f0080000)
  to   space 2048K, 0% used [0x00000000efc80000,0x00000000efc80000,0x00000000efe80000)
 ParOldGen       total 35840K, used 1899K [0x00000000cce00000, 0x00000000cf100000, 0x00000000eef80000)
  object space 35840K, 5% used [0x00000000cce00000,0x00000000ccfdacc0,0x00000000cf100000)
 Metaspace       used 9473K, capacity 9520K, committed 9856K, reserved 1058816K
  class space    used 1007K, capacity 1043K, committed 1152K, reserved 1048576K
Event: 20.073 GC heap after
Heap after GC invocations=7 (full 3):
 PSYoungGen      total 15360K, used 0K [0x00000000eef80000, 0x00000000f0080000, 0x0000000100000000)
  eden space 13312K, 0% used [0x00000000eef80000,0x00000000eef80000,0x00000000efc80000)
  from space 2048K, 0% used [0x00000000efe80000,0x00000000efe80000,0x00000000f0080000)
  to   space 2048K, 0% used [0x00000000efc80000,0x00000000efc80000,0x00000000efe80000)
 ParOldGen       total 35840K, used 1827K [0x00000000cce00000, 0x00000000cf100000, 0x00000000eef80000)
  object space 35840K, 5% used [0x00000000cce00000,0x00000000ccfc8f60,0x00000000cf100000)
 Metaspace       used 9473K, capacity 9520K, committed 9856K, reserved 1058816K
  class space    used 1007K, capacity 1043K, committed 1152K, reserved 1048576K
}

Deoptimization events (3 events):
Event: 1.206 Thread 0x0000000002621000 Uncommon trap: reason=unstable_if action=reinterpret pc=0x00000000028e7bb4 method=com.trolltech.qt.QNativePointer.verifyAccess(Lcom/trolltech/qt/QNativePointer$Type;I)V @ 60
Event: 1.206 Thread 0x0000000002621000 Uncommon trap: reason=unstable_if action=reinterpret pc=0x00000000028ec61c method=com.trolltech.qt.QNativePointer.verifyAccess(Lcom/trolltech/qt/QNativePointer$Type;I)V @ 60
Event: 11.392 Thread 0x0000000002621000 Uncommon trap: reason=range_check action=make_not_entrant pc=0x00000000029177e0 method=sun.reflect.generics.parser.SignatureParser.current()C @ 34

Internal exceptions (10 events):
Event: 11.875 Thread 0x0000000002621000 Exception <a 'java/lang/NoSuchFieldError': columnsAboutToBeRemoved> (0x00000000ef9f6d70) thrown at [C:\re\workspace\8-2-build-windows-amd64-cygwin\jdk8u111\7883\hotspot\src\share\vm\prims\jni.cpp, line 2599]
Event: 11.875 Thread 0x0000000002621000 Exception <a 'java/lang/NoSuchFieldError': columnsInserted> (0x00000000ef9f6fc0) thrown at [C:\re\workspace\8-2-build-windows-amd64-cygwin\jdk8u111\7883\hotspot\src\share\vm\prims\jni.cpp, line 2599]
Event: 11.875 Thread 0x0000000002621000 Exception <a 'java/lang/NoSuchFieldError': columnsRemoved> (0x00000000ef9f7210) thrown at [C:\re\workspace\8-2-build-windows-amd64-cygwin\jdk8u111\7883\hotspot\src\share\vm\prims\jni.cpp, line 2599]
Event: 11.875 Thread 0x0000000002621000 Exception <a 'java/lang/NoSuchFieldError': modelAboutToBeReset> (0x00000000ef9f7468) thrown at [C:\re\workspace\8-2-build-windows-amd64-cygwin\jdk8u111\7883\hotspot\src\share\vm\prims\jni.cpp, line 2599]
Event: 11.875 Thread 0x0000000002621000 Exception <a 'java/lang/NoSuchFieldError': modelReset> (0x00000000ef9f76b0) thrown at [C:\re\workspace\8-2-build-windows-amd64-cygwin\jdk8u111\7883\hotspot\src\share\vm\prims\jni.cpp, line 2599]
Event: 11.875 Thread 0x0000000002621000 Exception <a 'java/lang/NoSuchFieldError': rowsAboutToBeInserted> (0x00000000ef9f7910) thrown at [C:\re\workspace\8-2-build-windows-amd64-cygwin\jdk8u111\7883\hotspot\src\share\vm\prims\jni.cpp, line 2599]
Event: 11.875 Thread 0x0000000002621000 Exception <a 'java/lang/NoSuchFieldError': rowsAboutToBeRemoved> (0x00000000ef9f7b68) thrown at [C:\re\workspace\8-2-build-windows-amd64-cygwin\jdk8u111\7883\hotspot\src\share\vm\prims\jni.cpp, line 2599]
Event: 11.875 Thread 0x0000000002621000 Exception <a 'java/lang/NoSuchFieldError': rowsInserted> (0x00000000ef9f7db0) thrown at [C:\re\workspace\8-2-build-windows-amd64-cygwin\jdk8u111\7883\hotspot\src\share\vm\prims\jni.cpp, line 2599]
Event: 11.875 Thread 0x0000000002621000 Exception <a 'java/lang/NoSuchFieldError': rowsRemoved> (0x00000000ef9f7ff8) thrown at [C:\re\workspace\8-2-build-windows-amd64-cygwin\jdk8u111\7883\hotspot\src\share\vm\prims\jni.cpp, line 2599]
Event: 20.027 Thread 0x0000000016221000 Exception <a 'java/lang/InterruptedException': sleep interrupted> (0x00000000eef96530) thrown at [C:\re\workspace\8-2-build-windows-amd64-cygwin\jdk8u111\7883\hotspot\src\share\vm\prims\jvm.cpp, line 3224]

Events (10 events):
Event: 19.988 Executing VM operation: ParallelGCSystemGC done
Event: 19.989 Thread 0x000000001617c800 Thread added: 0x000000001617c800
Event: 20.026 Thread 0x000000001617c800 Thread exited: 0x000000001617c800
Event: 20.027 Thread 0x0000000016221000 Thread exited: 0x0000000016221000
Event: 20.028 Executing VM operation: ParallelGCSystemGC
Event: 20.073 Executing VM operation: ParallelGCSystemGC done
Event: 20.073 Thread 0x0000000016221000 Thread added: 0x0000000016221000
Event: 20.074 Thread 0x0000000016221000 Thread exited: 0x0000000016221000
Event: 20.074 Thread 0x000000001625f800 Thread exited: 0x000000001625f800
Event: 20.074 Thread 0x0000000002621000 Thread exited: 0x0000000002621000


Dynamic libraries:
0x00007ff653c30000 - 0x00007ff653c67000 	C:\Program Files\Java\jdk1.8.0_111\bin\java.exe
0x00007ff968e60000 - 0x00007ff969050000 	C:\Windows\SYSTEM32\ntdll.dll
0x00007ff92d040000 - 0x00007ff92d054000 	C:\Program Files\AVG\Antivirus\aswhook.dll
0x00007ff9674e0000 - 0x00007ff967592000 	C:\Windows\System32\KERNEL32.DLL
0x00007ff966c60000 - 0x00007ff966f03000 	C:\Windows\System32\KERNELBASE.dll
0x00007ff968820000 - 0x00007ff9688c3000 	C:\Windows\System32\ADVAPI32.dll
0x00007ff967980000 - 0x00007ff967a1e000 	C:\Windows\System32\msvcrt.dll
0x00007ff967be0000 - 0x00007ff967c77000 	C:\Windows\System32\sechost.dll
0x00007ff967860000 - 0x00007ff967980000 	C:\Windows\System32\RPCRT4.dll
0x00007ff967a20000 - 0x00007ff967bb4000 	C:\Windows\System32\USER32.dll
0x00007ff9668f0000 - 0x00007ff966911000 	C:\Windows\System32\win32u.dll
0x00007ff967450000 - 0x00007ff967476000 	C:\Windows\System32\GDI32.dll
0x00007ff9666b0000 - 0x00007ff966844000 	C:\Windows\System32\gdi32full.dll
0x00007ff966850000 - 0x00007ff9668ee000 	C:\Windows\System32\msvcp_win.dll
0x00007ff966b10000 - 0x00007ff966c0a000 	C:\Windows\System32\ucrtbase.dll
0x00007ff958b00000 - 0x00007ff958d85000 	C:\Windows\WinSxS\amd64_microsoft.windows.common-controls_6595b64144ccf1df_6.0.18362.418_none_e6c6b287130d565d\COMCTL32.dll
0x00007ff968930000 - 0x00007ff968c66000 	C:\Windows\System32\combase.dll
0x00007ff966920000 - 0x00007ff9669a0000 	C:\Windows\System32\bcryptPrimitives.dll
0x00007ff967c80000 - 0x00007ff967cae000 	C:\Windows\System32\IMM32.DLL
0x00000000531b0000 - 0x0000000053282000 	C:\Program Files\Java\jdk1.8.0_111\jre\bin\msvcr100.dll
0x0000000053290000 - 0x0000000053b2a000 	C:\Program Files\Java\jdk1.8.0_111\jre\bin\server\jvm.dll
0x00007ff967f00000 - 0x00007ff967f08000 	C:\Windows\System32\PSAPI.DLL
0x00007ff958810000 - 0x00007ff958819000 	C:\Windows\SYSTEM32\WSOCK32.dll
0x00007ff967dc0000 - 0x00007ff967e2f000 	C:\Windows\System32\WS2_32.dll
0x00007ff9639e0000 - 0x00007ff963a04000 	C:\Windows\SYSTEM32\WINMM.dll
0x00007ff960260000 - 0x00007ff96026a000 	C:\Windows\SYSTEM32\VERSION.dll
0x00007ff9639b0000 - 0x00007ff9639dd000 	C:\Windows\SYSTEM32\WINMMBASE.dll
0x00007ff966c10000 - 0x00007ff966c5a000 	C:\Windows\System32\cfgmgr32.dll
0x0000000053160000 - 0x000000005316f000 	C:\Program Files\Java\jdk1.8.0_111\jre\bin\verify.dll
0x0000000053130000 - 0x0000000053159000 	C:\Program Files\Java\jdk1.8.0_111\jre\bin\java.dll
0x0000000053110000 - 0x0000000053126000 	C:\Program Files\Java\jdk1.8.0_111\jre\bin\zip.dll
0x00007ff967f10000 - 0x00007ff9685f5000 	C:\Windows\System32\SHELL32.dll
0x00007ff9677b0000 - 0x00007ff967859000 	C:\Windows\System32\shcore.dll
0x00007ff965df0000 - 0x00007ff96656f000 	C:\Windows\System32\windows.storage.dll
0x00007ff965db0000 - 0x00007ff965dcf000 	C:\Windows\System32\profapi.dll
0x00007ff965d60000 - 0x00007ff965daa000 	C:\Windows\System32\powrprof.dll
0x00007ff965d30000 - 0x00007ff965d40000 	C:\Windows\System32\UMPDC.dll
0x00007ff967ea0000 - 0x00007ff967ef2000 	C:\Windows\System32\shlwapi.dll
0x00007ff965dd0000 - 0x00007ff965de1000 	C:\Windows\System32\kernel.appcore.dll
0x00007ff9669a0000 - 0x00007ff9669b7000 	C:\Windows\System32\cryptsp.dll
0x0000000050d70000 - 0x000000005104e000 	C:\Users\Beli\AppData\Local\Temp\QtJambi_Beli_amd64_4.8.7_msvc2013x64-20150908-1314\lib\QtCore4.dll
0x00007ff9675a0000 - 0x00007ff9676f6000 	C:\Windows\System32\ole32.dll
0x00007ff93d320000 - 0x00007ff93d3c6000 	C:\Program Files\Java\jdk1.8.0_111\jre\bin\MSVCP120.dll
0x00007ff93d230000 - 0x00007ff93d31f000 	C:\Program Files\Java\jdk1.8.0_111\jre\bin\MSVCR120.dll
0x00007ff9537a0000 - 0x00007ff9537e0000 	C:\Users\Beli\AppData\Local\Temp\QtJambi_Beli_amd64_4.8.7_msvc2013x64-20150908-1314\lib\qtjambi.dll
0x00007ff915500000 - 0x00007ff91562f000 	C:\Users\Beli\AppData\Local\Temp\QtJambi_Beli_amd64_4.8.7_msvc2013x64-20150908-1314\lib\com_trolltech_qt_core.dll
0x0000000050400000 - 0x0000000050d6e000 	C:\Users\Beli\AppData\Local\Temp\QtJambi_Beli_amd64_4.8.7_msvc2013x64-20150908-1314\lib\QtGui4.dll
0x00007ff968600000 - 0x00007ff9686d0000 	C:\Windows\System32\COMDLG32.dll
0x00007ff967380000 - 0x00007ff967444000 	C:\Windows\System32\OLEAUT32.dll
0x00007ff958d90000 - 0x00007ff958e19000 	C:\Windows\SYSTEM32\WINSPOOL.DRV
0x00007ff966570000 - 0x00007ff966596000 	C:\Windows\System32\bcrypt.dll
0x00007ff9626f0000 - 0x00007ff9627df000 	C:\Windows\SYSTEM32\PROPSYS.dll
0x00007ff9652b0000 - 0x00007ff9652ea000 	C:\Windows\SYSTEM32\IPHLPAPI.DLL
0x00007ff9126a0000 - 0x00007ff912dcf000 	C:\Users\Beli\AppData\Local\Temp\QtJambi_Beli_amd64_4.8.7_msvc2013x64-20150908-1314\lib\com_trolltech_qt_gui.dll
0x00007ff9640b0000 - 0x00007ff964149000 	C:\Windows\system32\uxtheme.dll
0x00007ff9686e0000 - 0x00007ff968816000 	C:\Windows\System32\MSCTF.dll
0x00007ff961520000 - 0x00007ff96152d000 	C:\Users\Beli\AppData\Local\Temp\QtJambi_Beli_amd64_4.8.7_msvc2013x64-20150908-1314\plugins\imageformats\qgif4.dll
0x00007ff954830000 - 0x00007ff95483e000 	C:\Users\Beli\AppData\Local\Temp\QtJambi_Beli_amd64_4.8.7_msvc2013x64-20150908-1314\plugins\imageformats\qico4.dll
0x00007ff94f2d0000 - 0x00007ff94f30d000 	C:\Users\Beli\AppData\Local\Temp\QtJambi_Beli_amd64_4.8.7_msvc2013x64-20150908-1314\plugins\imageformats\qjpeg4.dll
0x00007ff93d1e0000 - 0x00007ff93d229000 	C:\Users\Beli\AppData\Local\Temp\QtJambi_Beli_amd64_4.8.7_msvc2013x64-20150908-1314\plugins\imageformats\qmng4.dll
0x00007ff9255d0000 - 0x00007ff92562b000 	C:\Users\Beli\AppData\Local\Temp\QtJambi_Beli_amd64_4.8.7_msvc2013x64-20150908-1314\plugins\imageformats\qtiff4.dll
0x00007ff95ba60000 - 0x00007ff95bafe000 	C:\Windows\System32\TextInputFramework.dll
0x00007ff9609b0000 - 0x00007ff960cda000 	C:\Windows\System32\CoreUIComponents.dll
0x00007ff963dc0000 - 0x00007ff963e94000 	C:\Windows\System32\CoreMessaging.dll
0x00007ff964d90000 - 0x00007ff964dc1000 	C:\Windows\SYSTEM32\ntmarta.dll
0x00007ff961960000 - 0x00007ff961ab3000 	C:\Windows\SYSTEM32\wintypes.dll
0x00007ff95a4c0000 - 0x00007ff95a766000 	C:\Windows\System32\iertutil.dll
0x00007ff92fa40000 - 0x00007ff92fae9000 	C:\Windows\WinSxS\amd64_microsoft.windows.common-controls_6595b64144ccf1df_5.82.18362.418_none_2a23d356466d526c\comctl32.dll
0x00007ff967700000 - 0x00007ff9677a2000 	C:\Windows\System32\clbcatq.dll
0x00007ff9649a0000 - 0x00007ff9649c0000 	C:\Windows\SYSTEM32\dxcore.dll
0x00007ff95f4d0000 - 0x00007ff95f6c4000 	C:\Windows\SYSTEM32\dbghelp.dll

VM Arguments:
jvm_args: -Dfile.encoding=UTF-8 
java_command: goodfitmultiplataforma.GoodFitMultiplataforma
java_class_path (initial): C:\Users\Beli\Desktop\Alejandro\qtjambi-community-4.8.7-win64-msvc2013\qtjambi-4.8.7.jar;C:\Users\Beli\Desktop\Alejandro\qtjambi-community-4.8.7-win64-msvc2013\qtjambi-designer-4.8.7.jar;C:\Users\Beli\Desktop\Alejandro\qtjambi-community-4.8.7-win64-msvc2013\qtjambi-examples-4.8.7.jar;C:\Users\Beli\Desktop\Alejandro\qtjambi-community-4.8.7-win64-msvc2013\qtjambi-examples-src.jar;C:\Users\Beli\Desktop\Alejandro\qtjambi-community-4.8.7-win64-msvc2013\qtjambi-native-win64-msvc2013x64-4.8.7.jar;C:\Users\Beli\Desktop\Alejandro\qtjambi-community-4.8.7-win64-msvc2013\qtjambi-src.jar;C:\Users\Beli\Desktop\Alejandro\Nueva carpeta\recursos.jar;C:\Users\Beli\Documents\NetBeansProjects\goodFitMultiplataforma\build\classes
Launcher Type: SUN_STANDARD

Environment Variables:
PATH=C:\Program Files (x86)\Common Files\Oracle\Java\javapath;C:\ProgramData\Oracle\Java\javapath;C:\Windows\system32;C:\Windows;C:\Windows\System32\Wbem;C:\Windows\System32\WindowsPowerShell\v1.0\;C:\Windows\System32\OpenSSH\;C:\Program Files\Java\jdk1.8.0_111\bin;C:\Users\Beli\AppData\Local\Microsoft\WindowsApps;
USERNAME=Beli
OS=Windows_NT
PROCESSOR_IDENTIFIER=AMD64 Family 21 Model 16 Stepping 1, AuthenticAMD



---------------  S Y S T E M  ---------------

OS: Windows 10.0 , 64 bit Build 18362 (10.0.18362.329)

CPU:total 4 (4 cores per cpu, 1 threads per core) family 21 model 16 stepping 1, cmov, cx8, fxsr, mmx, sse, sse2, sse3, ssse3, sse4.1, sse4.2, popcnt, avx, aes, clmul, mmxext, 3dnowpref, lzcnt, sse4a, tsc, tscinvbit, tscinv, bmi1

Memory: 4k page, physical 3348744k(377104k free), swap 5434756k(1168088k free)

vm_info: Java HotSpot(TM) 64-Bit Server VM (25.111-b14) for windows-amd64 JRE (1.8.0_111-b14), built on Sep 22 2016 19:24:05 by "java_re" with MS VC++ 10.0 (VS2010)

